{"meta": {"format": 3, "version": "7.13.4", "timestamp": "2026-03-22T13:12:17.024876", "branch_coverage": false, "show_contexts": false}, "files": {"src/omniclaw/protocols/nanopayments/__init__.py": {"executed_lines": [25, 50, 85, 102, 107, 109, 111, 113, 115, 121, 125], "summary": {"covered_lines": 11, "num_statements": 11, "percent_covered": 100.0, "percent_covered_display": "100", "missing_lines": 0, "excluded_lines": 0, "percent_statements_covered": 100.0, "percent_statements_covered_display": "100"}, "missing_lines": [], "excluded_lines": [], "functions": {"": {"executed_lines": [25, 50, 85, 102, 107, 109, 111, 113, 115, 121, 125], "summary": {"covered_lines": 11, "num_statements": 11, "percent_covered": 100.0, "percent_covered_display": "100", "missing_lines": 0, "excluded_lines": 0, "percent_statements_covered": 100.0, "percent_statements_covered_display": "100"}, "missing_lines": [], "excluded_lines": [], "start_line": 1}}, "classes": {"": {"executed_lines": [25, 50, 85, 102, 107, 109, 111, 113, 115, 121, 125], "summary": {"covered_lines": 11, "num_statements": 11, "percent_covered": 100.0, "percent_covered_display": "100", "missing_lines": 0, "excluded_lines": 0, "percent_statements_covered": 100.0, "percent_statements_covered_display": "100"}, "missing_lines": [], "excluded_lines": [], "start_line": 1}}}, "src/omniclaw/protocols/nanopayments/adapter.py": {"executed_lines": [22, 24, 25, 26, 27, 28, 29, 31, 33, 37, 38, 48, 58, 61, 64, 66, 69, 71, 72, 75, 77, 85, 107, 112, 113, 114, 115, 116, 118, 119, 121, 123, 124, 125, 126, 128, 130, 132, 134, 135, 136, 137, 138, 140, 142, 143, 144, 145, 146, 150, 152, 157, 158, 159, 160, 161, 166, 168, 169, 170, 173, 176, 177, 178, 184, 209, 221, 222, 223, 224, 225, 226, 227, 228, 229, 235, 278, 281, 282, 288, 289, 294, 295, 302, 303, 317, 320, 321, 327, 328, 329, 330, 331, 332, 339, 340, 341, 346, 347, 348, 353, 358, 371, 377, 378, 379, 384, 385, 391, 395, 396, 398, 399, 405, 406, 421, 422, 423, 426, 427, 428, 433, 439, 441, 442, 446, 447, 448, 449, 466, 494, 495, 496, 499, 507, 508, 510, 526, 562, 563, 566, 571, 573, 586, 592, 593, 594, 599, 602, 609, 610, 614, 615, 622, 638, 666, 667, 669, 670, 671, 672, 676, 677, 678, 680, 681, 682, 683, 684, 688, 690, 692, 706, 708, 709, 737, 738, 741, 743, 749, 763, 764, 768, 770, 771, 773, 774, 775, 776, 777, 779, 783, 788, 789, 790, 791, 792, 793, 794, 796, 803, 809, 816, 817, 818, 819, 820, 821, 829, 831, 834, 836, 839, 855, 857, 862, 863, 865, 874, 875, 877, 878, 879, 880, 881, 882, 883, 884, 886, 888, 890, 918, 920, 921, 922, 928, 929, 934, 935, 937, 939, 941, 943, 944, 951, 970, 972, 983, 991], "summary": {"covered_lines": 249, "num_statements": 294, "percent_covered": 84.6938775510204, "percent_covered_display": "85", "missing_lines": 45, "excluded_lines": 2, "percent_statements_covered": 84.6938775510204, "percent_statements_covered_display": "85"}, "missing_lines": [380, 381, 411, 412, 434, 451, 452, 453, 455, 461, 467, 471, 475, 477, 484, 487, 500, 595, 596, 694, 695, 696, 697, 698, 702, 704, 710, 712, 713, 714, 716, 717, 718, 719, 720, 721, 725, 727, 729, 730, 733, 734, 739, 780, 938], "excluded_lines": [55, 56], "functions": {"_decimal_to_atomic": {"executed_lines": [66], "summary": {"covered_lines": 1, "num_statements": 1, "percent_covered": 100.0, "percent_covered_display": "100", "missing_lines": 0, "excluded_lines": 0, "percent_statements_covered": 100.0, "percent_statements_covered_display": "100"}, "missing_lines": [], "excluded_lines": [], "start_line": 64}, "_atomic_to_decimal": {"executed_lines": [71, 72], "summary": {"covered_lines": 2, "num_statements": 2, "percent_covered": 100.0, "percent_covered_display": "100", "missing_lines": 0, "excluded_lines": 0, "percent_statements_covered": 100.0, "percent_statements_covered_display": "100"}, "missing_lines": [], "excluded_lines": [], "start_line": 69}, "_is_success_status": {"executed_lines": [77], "summary": {"covered_lines": 1, "num_statements": 1, "percent_covered": 100.0, "percent_covered_display": "100", "missing_lines": 0, "excluded_lines": 0, "percent_statements_covered": 100.0, "percent_statements_covered_display": "100"}, "missing_lines": [], "excluded_lines": [], "start_line": 75}, "NanopaymentCircuitBreaker.__init__": {"executed_lines": [112, 113, 114, 115, 116], "summary": {"covered_lines": 5, "num_statements": 5, "percent_covered": 100.0, "percent_covered_display": "100", "missing_lines": 0, "excluded_lines": 0, "percent_statements_covered": 100.0, "percent_statements_covered_display": "100"}, "missing_lines": [], "excluded_lines": [], "start_line": 107}, "NanopaymentCircuitBreaker.state": {"executed_lines": [121, 123, 124, 125, 126], "summary": {"covered_lines": 5, "num_statements": 5, "percent_covered": 100.0, "percent_covered_display": "100", "missing_lines": 0, "excluded_lines": 0, "percent_statements_covered": 100.0, "percent_statements_covered_display": "100"}, "missing_lines": [], "excluded_lines": [], "start_line": 119}, "NanopaymentCircuitBreaker.is_available": {"executed_lines": [130], "summary": {"covered_lines": 1, "num_statements": 1, "percent_covered": 100.0, "percent_covered_display": "100", "missing_lines": 0, "excluded_lines": 0, "percent_statements_covered": 100.0, "percent_statements_covered_display": "100"}, "missing_lines": [], "excluded_lines": [], "start_line": 128}, "NanopaymentCircuitBreaker.record_success": {"executed_lines": [134, 135, 136, 137, 138], "summary": {"covered_lines": 5, "num_statements": 5, "percent_covered": 100.0, "percent_covered_display": "100", "missing_lines": 0, "excluded_lines": 0, "percent_statements_covered": 100.0, "percent_statements_covered_display": "100"}, "missing_lines": [], "excluded_lines": [], "start_line": 132}, "NanopaymentCircuitBreaker.record_failure": {"executed_lines": [142, 143, 144, 145, 146, 150], "summary": {"covered_lines": 6, "num_statements": 6, "percent_covered": 100.0, "percent_covered_display": "100", "missing_lines": 0, "excluded_lines": 0, "percent_statements_covered": 100.0, "percent_statements_covered_display": "100"}, "missing_lines": [], "excluded_lines": [], "start_line": 140}, "NanopaymentCircuitBreaker.record_error": {"executed_lines": [157, 158, 159, 160, 161], "summary": {"covered_lines": 5, "num_statements": 5, "percent_covered": 100.0, "percent_covered_display": "100", "missing_lines": 0, "excluded_lines": 0, "percent_statements_covered": 100.0, "percent_statements_covered_display": "100"}, "missing_lines": [], "excluded_lines": [], "start_line": 152}, "NanopaymentCircuitBreaker.reset": {"executed_lines": [168, 169, 170], "summary": {"covered_lines": 3, "num_statements": 3, "percent_covered": 100.0, "percent_covered_display": "100", "missing_lines": 0, "excluded_lines": 0, "percent_statements_covered": 100.0, "percent_statements_covered_display": "100"}, "missing_lines": [], "excluded_lines": [], "start_line": 166}, "CircuitOpenError.__init__": {"executed_lines": [177, 178], "summary": {"covered_lines": 2, "num_statements": 2, "percent_covered": 100.0, "percent_covered_display": "100", "missing_lines": 0, "excluded_lines": 0, "percent_statements_covered": 100.0, "percent_statements_covered_display": "100"}, "missing_lines": [], "excluded_lines": [], "start_line": 176}, "NanopaymentAdapter.__init__": {"executed_lines": [221, 222, 223, 224, 225, 226, 227, 228, 229], "summary": {"covered_lines": 9, "num_statements": 9, "percent_covered": 100.0, "percent_covered_display": "100", "missing_lines": 0, "excluded_lines": 0, "percent_statements_covered": 100.0, "percent_statements_covered_display": "100"}, "missing_lines": [], "excluded_lines": [], "start_line": 209}, "NanopaymentAdapter.pay_x402_url": {"executed_lines": [278, 281, 282, 288, 289, 294, 295, 302, 303, 317, 320, 321, 327, 328, 329, 330, 331, 332, 339, 340, 341, 346, 347, 348, 353, 358, 371, 377, 378, 379, 384, 385, 391, 395, 396, 398, 399, 405, 406, 421, 422, 423, 426, 427, 428, 433, 439, 441, 442, 446, 447, 448, 449, 466, 494, 495, 496, 499, 507, 508, 510], "summary": {"covered_lines": 61, "num_statements": 78, "percent_covered": 78.2051282051282, "percent_covered_display": "78", "missing_lines": 17, "excluded_lines": 0, "percent_statements_covered": 78.2051282051282, "percent_statements_covered_display": "78"}, "missing_lines": [380, 381, 411, 412, 434, 451, 452, 453, 455, 461, 467, 471, 475, 477, 484, 487, 500], "excluded_lines": [], "start_line": 235}, "NanopaymentAdapter.pay_direct": {"executed_lines": [562, 563, 566, 571, 573, 586, 592, 593, 594, 599, 602, 609, 610, 614, 615, 622], "summary": {"covered_lines": 16, "num_statements": 18, "percent_covered": 88.88888888888889, "percent_covered_display": "89", "missing_lines": 2, "excluded_lines": 0, "percent_statements_covered": 88.88888888888889, "percent_statements_covered_display": "89"}, "missing_lines": [595, 596], "excluded_lines": [], "start_line": 526}, "NanopaymentAdapter._settle_with_retry": {"executed_lines": [666, 667, 669, 670, 671, 672, 676, 677, 678, 680, 681, 682, 683, 684, 688, 690, 692, 706, 708, 709, 737, 738], "summary": {"covered_lines": 22, "num_statements": 46, "percent_covered": 47.82608695652174, "percent_covered_display": "48", "missing_lines": 24, "excluded_lines": 0, "percent_statements_covered": 47.82608695652174, "percent_statements_covered_display": "48"}, "missing_lines": [694, 695, 696, 697, 698, 702, 704, 710, 712, 713, 714, 716, 717, 718, 719, 720, 721, 725, 727, 729, 730, 733, 734, 739], "excluded_lines": [], "start_line": 638}, "NanopaymentAdapter.get_circuit_breaker_state": {"executed_lines": [743], "summary": {"covered_lines": 1, "num_statements": 1, "percent_covered": 100.0, "percent_covered_display": "100", "missing_lines": 0, "excluded_lines": 0, "percent_statements_covered": 100.0, "percent_statements_covered_display": "100"}, "missing_lines": [], "excluded_lines": [], "start_line": 741}, "NanopaymentAdapter._check_and_topup": {"executed_lines": [763, 764, 768, 770, 771, 773, 774, 775, 776, 777, 779, 783, 788, 789, 790, 791, 792, 793, 794], "summary": {"covered_lines": 19, "num_statements": 20, "percent_covered": 95.0, "percent_covered_display": "95", "missing_lines": 1, "excluded_lines": 0, "percent_statements_covered": 95.0, "percent_statements_covered_display": "95"}, "missing_lines": [780], "excluded_lines": [], "start_line": 749}, "NanopaymentAdapter.set_wallet_manager": {"executed_lines": [803], "summary": {"covered_lines": 1, "num_statements": 1, "percent_covered": 100.0, "percent_covered_display": "100", "missing_lines": 0, "excluded_lines": 0, "percent_statements_covered": 100.0, "percent_statements_covered_display": "100"}, "missing_lines": [], "excluded_lines": [], "start_line": 796}, "NanopaymentAdapter.configure_auto_topup": {"executed_lines": [816, 817, 818, 819, 820, 821], "summary": {"covered_lines": 6, "num_statements": 6, "percent_covered": 100.0, "percent_covered_display": "100", "missing_lines": 0, "excluded_lines": 0, "percent_statements_covered": 100.0, "percent_statements_covered_display": "100"}, "missing_lines": [], "excluded_lines": [], "start_line": 809}, "_is_url": {"executed_lines": [831], "summary": {"covered_lines": 1, "num_statements": 1, "percent_covered": 100.0, "percent_covered_display": "100", "missing_lines": 0, "excluded_lines": 0, "percent_statements_covered": 100.0, "percent_statements_covered_display": "100"}, "missing_lines": [], "excluded_lines": [], "start_line": 829}, "_is_address": {"executed_lines": [836], "summary": {"covered_lines": 1, "num_statements": 1, "percent_covered": 100.0, "percent_covered_display": "100", "missing_lines": 0, "excluded_lines": 0, "percent_statements_covered": 100.0, "percent_statements_covered_display": "100"}, "missing_lines": [], "excluded_lines": [], "start_line": 834}, "NanopaymentProtocolAdapter.__init__": {"executed_lines": [862, 863], "summary": {"covered_lines": 2, "num_statements": 2, "percent_covered": 100.0, "percent_covered_display": "100", "missing_lines": 0, "excluded_lines": 0, "percent_statements_covered": 100.0, "percent_statements_covered_display": "100"}, "missing_lines": [], "excluded_lines": [], "start_line": 857}, "NanopaymentProtocolAdapter.supports": {"executed_lines": [874, 875, 877, 878, 879, 880, 881, 882, 883, 884], "summary": {"covered_lines": 10, "num_statements": 10, "percent_covered": 100.0, "percent_covered_display": "100", "missing_lines": 0, "excluded_lines": 0, "percent_statements_covered": 100.0, "percent_statements_covered_display": "100"}, "missing_lines": [], "excluded_lines": [], "start_line": 865}, "NanopaymentProtocolAdapter.get_priority": {"executed_lines": [888], "summary": {"covered_lines": 1, "num_statements": 1, "percent_covered": 100.0, "percent_covered_display": "100", "missing_lines": 0, "excluded_lines": 0, "percent_statements_covered": 100.0, "percent_statements_covered_display": "100"}, "missing_lines": [], "excluded_lines": [], "start_line": 886}, "NanopaymentProtocolAdapter.execute": {"executed_lines": [918, 920, 921, 922, 928, 929, 934, 935, 937, 939, 941, 943, 944, 951, 970, 972], "summary": {"covered_lines": 16, "num_statements": 17, "percent_covered": 94.11764705882354, "percent_covered_display": "94", "missing_lines": 1, "excluded_lines": 0, "percent_statements_covered": 94.11764705882354, "percent_statements_covered_display": "94"}, "missing_lines": [938], "excluded_lines": [], "start_line": 890}, "NanopaymentProtocolAdapter.simulate": {"executed_lines": [991], "summary": {"covered_lines": 1, "num_statements": 1, "percent_covered": 100.0, "percent_covered_display": "100", "missing_lines": 0, "excluded_lines": 0, "percent_statements_covered": 100.0, "percent_statements_covered_display": "100"}, "missing_lines": [], "excluded_lines": [], "start_line": 983}, "": {"executed_lines": [22, 24, 25, 26, 27, 28, 29, 31, 33, 37, 38, 48, 58, 61, 64, 69, 75, 85, 107, 118, 119, 128, 132, 140, 152, 166, 173, 176, 184, 209, 235, 526, 638, 741, 749, 796, 809, 829, 834, 839, 855, 857, 865, 886, 890, 983], "summary": {"covered_lines": 46, "num_statements": 46, "percent_covered": 100.0, "percent_covered_display": "100", "missing_lines": 0, "excluded_lines": 2, "percent_statements_covered": 100.0, "percent_statements_covered_display": "100"}, "missing_lines": [], "excluded_lines": [55, 56], "start_line": 1}}, "classes": {"NanopaymentCircuitBreaker": {"executed_lines": [112, 113, 114, 115, 116, 121, 123, 124, 125, 126, 130, 134, 135, 136, 137, 138, 142, 143, 144, 145, 146, 150, 157, 158, 159, 160, 161, 168, 169, 170], "summary": {"covered_lines": 30, "num_statements": 30, "percent_covered": 100.0, "percent_covered_display": "100", "missing_lines": 0, "excluded_lines": 0, "percent_statements_covered": 100.0, "percent_statements_covered_display": "100"}, "missing_lines": [], "excluded_lines": [], "start_line": 85}, "CircuitOpenError": {"executed_lines": [177, 178], "summary": {"covered_lines": 2, "num_statements": 2, "percent_covered": 100.0, "percent_covered_display": "100", "missing_lines": 0, "excluded_lines": 0, "percent_statements_covered": 100.0, "percent_statements_covered_display": "100"}, "missing_lines": [], "excluded_lines": [], "start_line": 173}, "NanopaymentAdapter": {"executed_lines": [221, 222, 223, 224, 225, 226, 227, 228, 229, 278, 281, 282, 288, 289, 294, 295, 302, 303, 317, 320, 321, 327, 328, 329, 330, 331, 332, 339, 340, 341, 346, 347, 348, 353, 358, 371, 377, 378, 379, 384, 385, 391, 395, 396, 398, 399, 405, 406, 421, 422, 423, 426, 427, 428, 433, 439, 441, 442, 446, 447, 448, 449, 466, 494, 495, 496, 499, 507, 508, 510, 562, 563, 566, 571, 573, 586, 592, 593, 594, 599, 602, 609, 610, 614, 615, 622, 666, 667, 669, 670, 671, 672, 676, 677, 678, 680, 681, 682, 683, 684, 688, 690, 692, 706, 708, 709, 737, 738, 743, 763, 764, 768, 770, 771, 773, 774, 775, 776, 777, 779, 783, 788, 789, 790, 791, 792, 793, 794, 803, 816, 817, 818, 819, 820, 821], "summary": {"covered_lines": 135, "num_statements": 179, "percent_covered": 75.41899441340782, "percent_covered_display": "75", "missing_lines": 44, "excluded_lines": 0, "percent_statements_covered": 75.41899441340782, "percent_statements_covered_display": "75"}, "missing_lines": [380, 381, 411, 412, 434, 451, 452, 453, 455, 461, 467, 471, 475, 477, 484, 487, 500, 595, 596, 694, 695, 696, 697, 698, 702, 704, 710, 712, 713, 714, 716, 717, 718, 719, 720, 721, 725, 727, 729, 730, 733, 734, 739, 780], "excluded_lines": [], "start_line": 184}, "NanopaymentProtocolAdapter": {"executed_lines": [862, 863, 874, 875, 877, 878, 879, 880, 881, 882, 883, 884, 888, 918, 920, 921, 922, 928, 929, 934, 935, 937, 939, 941, 943, 944, 951, 970, 972, 991], "summary": {"covered_lines": 30, "num_statements": 31, "percent_covered": 96.7741935483871, "percent_covered_display": "97", "missing_lines": 1, "excluded_lines": 0, "percent_statements_covered": 96.7741935483871, "percent_statements_covered_display": "97"}, "missing_lines": [938], "excluded_lines": [], "start_line": 839}, "": {"executed_lines": [22, 24, 25, 26, 27, 28, 29, 31, 33, 37, 38, 48, 58, 61, 64, 66, 69, 71, 72, 75, 77, 85, 107, 118, 119, 128, 132, 140, 152, 166, 173, 176, 184, 209, 235, 526, 638, 741, 749, 796, 809, 829, 831, 834, 836, 839, 855, 857, 865, 886, 890, 983], "summary": {"covered_lines": 52, "num_statements": 52, "percent_covered": 100.0, "percent_covered_display": "100", "missing_lines": 0, "excluded_lines": 2, "percent_statements_covered": 100.0, "percent_statements_covered_display": "100"}, "missing_lines": [], "excluded_lines": [55, 56], "start_line": 1}}}, "src/omniclaw/protocols/nanopayments/client.py": {"executed_lines": [18, 20, 21, 22, 24, 26, 39, 52, 71, 85, 102, 119, 126, 127, 128, 135, 151, 153, 154, 155, 156, 159, 161, 163, 165, 166, 176, 196, 199, 202, 215, 221, 225, 229, 230, 231, 232, 234, 237, 258, 259, 260, 262, 263, 264, 267, 268, 271, 281, 282, 284, 286, 292, 323, 333, 339, 340, 341, 342, 344, 345, 354, 356, 357, 358, 359, 361, 365, 366, 367, 368, 369, 370, 371, 372, 373, 375, 390, 391, 392, 393, 394, 395, 396, 397, 398, 399, 400, 401, 409, 421, 428, 429, 430, 432, 433, 436, 437, 440, 441, 447, 467, 468, 473, 474, 475, 477, 482, 484, 485, 491, 492, 493, 494, 495, 496, 497, 502, 516, 517, 518, 520, 533, 534, 535, 539, 541, 554, 555, 556, 560, 566, 588, 593, 598, 600, 601, 607, 608, 618, 647, 648, 651, 653, 654, 655, 658, 659, 660, 661, 663, 670, 675, 682, 683, 684, 685, 686, 688, 689, 695, 696, 697, 698, 699, 701, 702, 704, 715, 734, 736, 737, 747, 752, 754, 755, 757, 764, 765, 766, 767, 768, 769, 770, 771, 773, 774, 775, 776, 777, 778, 791, 799, 802, 803, 807], "summary": {"covered_lines": 196, "num_statements": 237, "percent_covered": 82.70042194092827, "percent_covered_display": "83", "missing_lines": 41, "excluded_lines": 0, "percent_statements_covered": 82.70042194092827, "percent_statements_covered_display": "83"}, "missing_lines": [78, 79, 80, 81, 82, 91, 92, 93, 94, 95, 96, 97, 98, 129, 130, 131, 132, 141, 142, 143, 144, 145, 146, 147, 148, 162, 164, 167, 168, 222, 226, 498, 499, 500, 536, 537, 538, 557, 558, 559, 758], "excluded_lines": [], "functions": {"_caip2_to_circle_network": {"executed_lines": [], "summary": {"covered_lines": 0, "num_statements": 5, "percent_covered": 0.0, "percent_covered_display": "0", "missing_lines": 5, "excluded_lines": 0, "percent_statements_covered": 0.0, "percent_statements_covered_display": "0"}, "missing_lines": [78, 79, 80, 81, 82], "excluded_lines": [], "start_line": 71}, "_parse_caip2_chain_id": {"executed_lines": [], "summary": {"covered_lines": 0, "num_statements": 8, "percent_covered": 0.0, "percent_covered_display": "0", "missing_lines": 8, "excluded_lines": 0, "percent_statements_covered": 0.0, "percent_statements_covered_display": "0"}, "missing_lines": [91, 92, 93, 94, 95, 96, 97, 98], "excluded_lines": [], "start_line": 85}, "_caip2_to_gateway_network": {"executed_lines": [126, 127, 128], "summary": {"covered_lines": 3, "num_statements": 7, "percent_covered": 42.857142857142854, "percent_covered_display": "43", "missing_lines": 4, "excluded_lines": 0, "percent_statements_covered": 42.857142857142854, "percent_statements_covered_display": "43"}, "missing_lines": [129, 130, 131, 132], "excluded_lines": [], "start_line": 119}, "_gateway_network_to_caip2": {"executed_lines": [], "summary": {"covered_lines": 0, "num_statements": 8, "percent_covered": 0.0, "percent_covered_display": "0", "missing_lines": 8, "excluded_lines": 0, "percent_statements_covered": 0.0, "percent_statements_covered_display": "0"}, "missing_lines": [141, 142, 143, 144, 145, 146, 147, 148], "excluded_lines": [], "start_line": 135}, "_caip2_to_circle_domain_id": {"executed_lines": [153, 154, 155, 156], "summary": {"covered_lines": 4, "num_statements": 4, "percent_covered": 100.0, "percent_covered_display": "100", "missing_lines": 0, "excluded_lines": 0, "percent_statements_covered": 100.0, "percent_statements_covered_display": "100"}, "missing_lines": [], "excluded_lines": [], "start_line": 151}, "_to_int": {"executed_lines": [161, 163, 165, 166], "summary": {"covered_lines": 4, "num_statements": 8, "percent_covered": 50.0, "percent_covered_display": "50", "missing_lines": 4, "excluded_lines": 0, "percent_statements_covered": 50.0, "percent_statements_covered_display": "50"}, "missing_lines": [162, 164, 167, 168], "excluded_lines": [], "start_line": 159}, "_convert_payload_for_circle": {"executed_lines": [196, 199, 202, 215, 221, 225, 229, 230, 231, 232, 234], "summary": {"covered_lines": 11, "num_statements": 13, "percent_covered": 84.61538461538461, "percent_covered_display": "85", "missing_lines": 2, "excluded_lines": 0, "percent_statements_covered": 84.61538461538461, "percent_statements_covered_display": "85"}, "missing_lines": [222, 226], "excluded_lines": [], "start_line": 176}, "_convert_requirements_for_circle": {"executed_lines": [258, 259, 260, 262, 263, 264, 267, 268, 271, 281, 282, 284, 286], "summary": {"covered_lines": 13, "num_statements": 13, "percent_covered": 100.0, "percent_covered_display": "100", "missing_lines": 0, "excluded_lines": 0, "percent_statements_covered": 100.0, "percent_statements_covered_display": "100"}, "missing_lines": [], "excluded_lines": [], "start_line": 237}, "NanopaymentHTTPClient.__init__": {"executed_lines": [339, 340, 341, 342], "summary": {"covered_lines": 4, "num_statements": 4, "percent_covered": 100.0, "percent_covered_display": "100", "missing_lines": 0, "excluded_lines": 0, "percent_statements_covered": 100.0, "percent_statements_covered_display": "100"}, "missing_lines": [], "excluded_lines": [], "start_line": 333}, "NanopaymentHTTPClient.__aenter__": {"executed_lines": [345, 354], "summary": {"covered_lines": 2, "num_statements": 2, "percent_covered": 100.0, "percent_covered_display": "100", "missing_lines": 0, "excluded_lines": 0, "percent_statements_covered": 100.0, "percent_statements_covered_display": "100"}, "missing_lines": [], "excluded_lines": [], "start_line": 344}, "NanopaymentHTTPClient.__aexit__": {"executed_lines": [357, 358, 359], "summary": {"covered_lines": 3, "num_statements": 3, "percent_covered": 100.0, "percent_covered_display": "100", "missing_lines": 0, "excluded_lines": 0, "percent_statements_covered": 100.0, "percent_statements_covered_display": "100"}, "missing_lines": [], "excluded_lines": [], "start_line": 356}, "NanopaymentHTTPClient.get": {"executed_lines": [365, 366, 367, 368, 369, 370, 371, 372, 373], "summary": {"covered_lines": 9, "num_statements": 9, "percent_covered": 100.0, "percent_covered_display": "100", "missing_lines": 0, "excluded_lines": 0, "percent_statements_covered": 100.0, "percent_statements_covered_display": "100"}, "missing_lines": [], "excluded_lines": [], "start_line": 361}, "NanopaymentHTTPClient.post": {"executed_lines": [390, 391, 392, 393, 394, 395, 396, 397, 398, 399, 400, 401], "summary": {"covered_lines": 12, "num_statements": 12, "percent_covered": 100.0, "percent_covered_display": "100", "missing_lines": 0, "excluded_lines": 0, "percent_statements_covered": 100.0, "percent_statements_covered_display": "100"}, "missing_lines": [], "excluded_lines": [], "start_line": 375}, "NanopaymentClient.__init__": {"executed_lines": [428, 429, 430, 432, 433, 436, 437, 440, 441], "summary": {"covered_lines": 9, "num_statements": 9, "percent_covered": 100.0, "percent_covered_display": "100", "missing_lines": 0, "excluded_lines": 0, "percent_statements_covered": 100.0, "percent_statements_covered_display": "100"}, "missing_lines": [], "excluded_lines": [], "start_line": 421}, "NanopaymentClient.get_supported": {"executed_lines": [467, 468, 473, 474, 475, 477, 482, 484, 485, 491, 492, 493, 494, 495, 496, 497, 502, 516, 517, 518], "summary": {"covered_lines": 20, "num_statements": 23, "percent_covered": 86.95652173913044, "percent_covered_display": "87", "missing_lines": 3, "excluded_lines": 0, "percent_statements_covered": 86.95652173913044, "percent_statements_covered_display": "87"}, "missing_lines": [498, 499, 500], "excluded_lines": [], "start_line": 447}, "NanopaymentClient.get_verifying_contract": {"executed_lines": [533, 534, 535, 539], "summary": {"covered_lines": 4, "num_statements": 7, "percent_covered": 57.142857142857146, "percent_covered_display": "57", "missing_lines": 3, "excluded_lines": 0, "percent_statements_covered": 57.142857142857146, "percent_statements_covered_display": "57"}, "missing_lines": [536, 537, 538], "excluded_lines": [], "start_line": 520}, "NanopaymentClient.get_usdc_address": {"executed_lines": [554, 555, 556, 560], "summary": {"covered_lines": 4, "num_statements": 7, "percent_covered": 57.142857142857146, "percent_covered_display": "57", "missing_lines": 3, "excluded_lines": 0, "percent_statements_covered": 57.142857142857146, "percent_statements_covered_display": "57"}, "missing_lines": [557, 558, 559], "excluded_lines": [], "start_line": 541}, "NanopaymentClient.verify": {"executed_lines": [588, 593, 598, 600, 601, 607, 608], "summary": {"covered_lines": 7, "num_statements": 7, "percent_covered": 100.0, "percent_covered_display": "100", "missing_lines": 0, "excluded_lines": 0, "percent_statements_covered": 100.0, "percent_statements_covered_display": "100"}, "missing_lines": [], "excluded_lines": [], "start_line": 566}, "NanopaymentClient.settle": {"executed_lines": [647, 648, 651, 653, 654, 655, 658, 659, 660, 661, 663, 670, 675, 682, 683, 684, 685, 686, 688, 689, 695, 696, 697, 698, 699, 701, 702, 704], "summary": {"covered_lines": 28, "num_statements": 28, "percent_covered": 100.0, "percent_covered_display": "100", "missing_lines": 0, "excluded_lines": 0, "percent_statements_covered": 100.0, "percent_statements_covered_display": "100"}, "missing_lines": [], "excluded_lines": [], "start_line": 618}, "NanopaymentClient.check_balance": {"executed_lines": [734, 736, 737, 747, 752, 754, 755, 757, 764, 765, 766, 767, 768, 769, 770, 771, 773, 774, 775, 776, 777, 778], "summary": {"covered_lines": 22, "num_statements": 23, "percent_covered": 95.65217391304348, "percent_covered_display": "96", "missing_lines": 1, "excluded_lines": 0, "percent_statements_covered": 95.65217391304348, "percent_statements_covered_display": "96"}, "missing_lines": [758], "excluded_lines": [], "start_line": 715}, "_map_settlement_error": {"executed_lines": [799, 802, 803, 807], "summary": {"covered_lines": 4, "num_statements": 4, "percent_covered": 100.0, "percent_covered_display": "100", "missing_lines": 0, "excluded_lines": 0, "percent_statements_covered": 100.0, "percent_statements_covered_display": "100"}, "missing_lines": [], "excluded_lines": [], "start_line": 791}, "": {"executed_lines": [18, 20, 21, 22, 24, 26, 39, 52, 71, 85, 102, 119, 135, 151, 159, 176, 237, 292, 323, 333, 344, 356, 361, 375, 409, 421, 447, 520, 541, 566, 618, 715, 791], "summary": {"covered_lines": 33, "num_statements": 33, "percent_covered": 100.0, "percent_covered_display": "100", "missing_lines": 0, "excluded_lines": 0, "percent_statements_covered": 100.0, "percent_statements_covered_display": "100"}, "missing_lines": [], "excluded_lines": [], "start_line": 1}}, "classes": {"NanopaymentHTTPClient": {"executed_lines": [339, 340, 341, 342, 345, 354, 357, 358, 359, 365, 366, 367, 368, 369, 370, 371, 372, 373, 390, 391, 392, 393, 394, 395, 396, 397, 398, 399, 400, 401], "summary": {"covered_lines": 30, "num_statements": 30, "percent_covered": 100.0, "percent_covered_display": "100", "missing_lines": 0, "excluded_lines": 0, "percent_statements_covered": 100.0, "percent_statements_covered_display": "100"}, "missing_lines": [], "excluded_lines": [], "start_line": 323}, "NanopaymentClient": {"executed_lines": [428, 429, 430, 432, 433, 436, 437, 440, 441, 467, 468, 473, 474, 475, 477, 482, 484, 485, 491, 492, 493, 494, 495, 496, 497, 502, 516, 517, 518, 533, 534, 535, 539, 554, 555, 556, 560, 588, 593, 598, 600, 601, 607, 608, 647, 648, 651, 653, 654, 655, 658, 659, 660, 661, 663, 670, 675, 682, 683, 684, 685, 686, 688, 689, 695, 696, 697, 698, 699, 701, 702, 704, 734, 736, 737, 747, 752, 754, 755, 757, 764, 765, 766, 767, 768, 769, 770, 771, 773, 774, 775, 776, 777, 778], "summary": {"covered_lines": 94, "num_statements": 104, "percent_covered": 90.38461538461539, "percent_covered_display": "90", "missing_lines": 10, "excluded_lines": 0, "percent_statements_covered": 90.38461538461539, "percent_statements_covered_display": "90"}, "missing_lines": [498, 499, 500, 536, 537, 538, 557, 558, 559, 758], "excluded_lines": [], "start_line": 409}, "": {"executed_lines": [18, 20, 21, 22, 24, 26, 39, 52, 71, 85, 102, 119, 126, 127, 128, 135, 151, 153, 154, 155, 156, 159, 161, 163, 165, 166, 176, 196, 199, 202, 215, 221, 225, 229, 230, 231, 232, 234, 237, 258, 259, 260, 262, 263, 264, 267, 268, 271, 281, 282, 284, 286, 292, 323, 333, 344, 356, 361, 375, 409, 421, 447, 520, 541, 566, 618, 715, 791, 799, 802, 803, 807], "summary": {"covered_lines": 72, "num_statements": 103, "percent_covered": 69.90291262135922, "percent_covered_display": "70", "missing_lines": 31, "excluded_lines": 0, "percent_statements_covered": 69.90291262135922, "percent_statements_covered_display": "70"}, "missing_lines": [78, 79, 80, 81, 82, 91, 92, 93, 94, 95, 96, 97, 98, 129, 130, 131, 132, 141, 142, 143, 144, 145, 146, 147, 148, 162, 164, 167, 168, 222, 226], "excluded_lines": [], "start_line": 1}}}, "src/omniclaw/protocols/nanopayments/constants.py": {"executed_lines": [27, 33, 34, 36, 37, 39, 40, 42, 43, 45, 46, 48, 49, 51, 52, 58, 59, 69, 70, 72, 73, 75, 76, 82, 83, 88, 89, 94, 95, 104, 105, 110, 111, 113, 114, 120, 121, 130, 131, 137, 138, 145, 161, 162], "summary": {"covered_lines": 44, "num_statements": 44, "percent_covered": 100.0, "percent_covered_display": "100", "missing_lines": 0, "excluded_lines": 0, "percent_statements_covered": 100.0, "percent_statements_covered_display": "100"}, "missing_lines": [], "excluded_lines": [], "functions": {"": {"executed_lines": [27, 33, 34, 36, 37, 39, 40, 42, 43, 45, 46, 48, 49, 51, 52, 58, 59, 69, 70, 72, 73, 75, 76, 82, 83, 88, 89, 94, 95, 104, 105, 110, 111, 113, 114, 120, 121, 130, 131, 137, 138, 145, 161, 162], "summary": {"covered_lines": 44, "num_statements": 44, "percent_covered": 100.0, "percent_covered_display": "100", "missing_lines": 0, "excluded_lines": 0, "percent_statements_covered": 100.0, "percent_statements_covered_display": "100"}, "missing_lines": [], "excluded_lines": [], "start_line": 1}}, "classes": {"": {"executed_lines": [27, 33, 34, 36, 37, 39, 40, 42, 43, 45, 46, 48, 49, 51, 52, 58, 59, 69, 70, 72, 73, 75, 76, 82, 83, 88, 89, 94, 95, 104, 105, 110, 111, 113, 114, 120, 121, 130, 131, 137, 138, 145, 161, 162], "summary": {"covered_lines": 44, "num_statements": 44, "percent_covered": 100.0, "percent_covered_display": "100", "missing_lines": 0, "excluded_lines": 0, "percent_statements_covered": 100.0, "percent_statements_covered_display": "100"}, "missing_lines": [], "excluded_lines": [], "start_line": 1}}}, "src/omniclaw/protocols/nanopayments/exceptions.py": {"executed_lines": [8, 10, 18, 26, 32, 33, 34, 35, 37, 42, 43, 45, 60, 71, 74, 77, 78, 85, 88, 101, 109, 115, 123, 124, 127, 130, 131, 136, 139, 142, 143, 148, 156, 179, 180, 185, 186, 189, 192, 199, 200, 203, 206, 209, 221, 224, 236, 239, 244, 248, 251, 254, 259, 263, 271, 279, 285, 294, 295, 296, 299, 302, 317, 327, 328, 333, 336, 342, 353, 360, 361, 368, 376, 377, 388, 391, 394, 397, 398, 403, 406, 409, 417, 420, 421, 426, 429, 432, 433, 444, 447, 450, 453, 454, 461, 464, 465, 472, 475, 476, 483, 492, 493, 505, 508, 511, 514, 515, 520, 523, 531, 540, 543, 544, 550, 556, 557], "summary": {"covered_lines": 117, "num_statements": 135, "percent_covered": 86.66666666666667, "percent_covered_display": "87", "missing_lines": 18, "excluded_lines": 0, "percent_statements_covered": 86.66666666666667, "percent_statements_covered_display": "87"}, "missing_lines": [38, 39, 40, 47, 89, 202, 214, 218, 229, 233, 303, 307, 308, 309, 343, 410, 532, 537], "excluded_lines": [], "functions": {"NanopaymentError.__init__": {"executed_lines": [32, 33, 34, 35], "summary": {"covered_lines": 4, "num_statements": 4, "percent_covered": 100.0, "percent_covered_display": "100", "missing_lines": 0, "excluded_lines": 0, "percent_statements_covered": 100.0, "percent_statements_covered_display": "100"}, "missing_lines": [], "excluded_lines": [], "start_line": 26}, "NanopaymentError.__repr__": {"executed_lines": [], "summary": {"covered_lines": 0, "num_statements": 3, "percent_covered": 0.0, "percent_covered_display": "0", "missing_lines": 3, "excluded_lines": 0, "percent_statements_covered": 0.0, "percent_statements_covered_display": "0"}, "missing_lines": [38, 39, 40], "excluded_lines": [], "start_line": 37}, "NanopaymentError.__str__": {"executed_lines": [43], "summary": {"covered_lines": 1, "num_statements": 1, "percent_covered": 100.0, "percent_covered_display": "100", "missing_lines": 0, "excluded_lines": 0, "percent_statements_covered": 100.0, "percent_statements_covered_display": "100"}, "missing_lines": [], "excluded_lines": [], "start_line": 42}, "NanopaymentError.to_dict": {"executed_lines": [], "summary": {"covered_lines": 0, "num_statements": 1, "percent_covered": 0.0, "percent_covered_display": "0", "missing_lines": 1, "excluded_lines": 0, "percent_statements_covered": 0.0, "percent_statements_covered_display": "0"}, "missing_lines": [47], "excluded_lines": [], "start_line": 45}, "InvalidPrivateKeyError.__init__": {"executed_lines": [78], "summary": {"covered_lines": 1, "num_statements": 1, "percent_covered": 100.0, "percent_covered_display": "100", "missing_lines": 0, "excluded_lines": 0, "percent_statements_covered": 100.0, "percent_statements_covered_display": "100"}, "missing_lines": [], "excluded_lines": [], "start_line": 77}, "SignatureVerificationError.__init__": {"executed_lines": [], "summary": {"covered_lines": 0, "num_statements": 1, "percent_covered": 0.0, "percent_covered_display": "0", "missing_lines": 1, "excluded_lines": 0, "percent_statements_covered": 0.0, "percent_statements_covered_display": "0"}, "missing_lines": [89], "excluded_lines": [], "start_line": 88}, "GatewayAPIError.__init__": {"executed_lines": [115, 123, 124], "summary": {"covered_lines": 3, "num_statements": 3, "percent_covered": 100.0, "percent_covered_display": "100", "missing_lines": 0, "excluded_lines": 0, "percent_statements_covered": 100.0, "percent_statements_covered_display": "100"}, "missing_lines": [], "excluded_lines": [], "start_line": 109}, "GatewayTimeoutError.__init__": {"executed_lines": [131, 136], "summary": {"covered_lines": 2, "num_statements": 2, "percent_covered": 100.0, "percent_covered_display": "100", "missing_lines": 0, "excluded_lines": 0, "percent_statements_covered": 100.0, "percent_statements_covered_display": "100"}, "missing_lines": [], "excluded_lines": [], "start_line": 130}, "GatewayConnectionError.__init__": {"executed_lines": [143, 148], "summary": {"covered_lines": 2, "num_statements": 2, "percent_covered": 100.0, "percent_covered_display": "100", "missing_lines": 0, "excluded_lines": 0, "percent_statements_covered": 100.0, "percent_statements_covered_display": "100"}, "missing_lines": [], "excluded_lines": [], "start_line": 142}, "VerificationError.__init__": {"executed_lines": [180, 185, 186], "summary": {"covered_lines": 3, "num_statements": 3, "percent_covered": 100.0, "percent_covered_display": "100", "missing_lines": 0, "excluded_lines": 0, "percent_statements_covered": 100.0, "percent_statements_covered_display": "100"}, "missing_lines": [], "excluded_lines": [], "start_line": 179}, "InvalidSignatureError.__init__": {"executed_lines": [199, 200, 203], "summary": {"covered_lines": 3, "num_statements": 4, "percent_covered": 75.0, "percent_covered_display": "75", "missing_lines": 1, "excluded_lines": 0, "percent_statements_covered": 75.0, "percent_statements_covered_display": "75"}, "missing_lines": [202], "excluded_lines": [], "start_line": 192}, "AuthorizationExpiredError.__init__": {"executed_lines": [], "summary": {"covered_lines": 0, "num_statements": 2, "percent_covered": 0.0, "percent_covered_display": "0", "missing_lines": 2, "excluded_lines": 0, "percent_statements_covered": 0.0, "percent_statements_covered_display": "0"}, "missing_lines": [214, 218], "excluded_lines": [], "start_line": 209}, "AuthorizationNotYetValidError.__init__": {"executed_lines": [], "summary": {"covered_lines": 0, "num_statements": 2, "percent_covered": 0.0, "percent_covered_display": "0", "missing_lines": 2, "excluded_lines": 0, "percent_statements_covered": 0.0, "percent_statements_covered_display": "0"}, "missing_lines": [229, 233], "excluded_lines": [], "start_line": 224}, "NonceReusedError.__init__": {"executed_lines": [244, 248], "summary": {"covered_lines": 2, "num_statements": 2, "percent_covered": 100.0, "percent_covered_display": "100", "missing_lines": 0, "excluded_lines": 0, "percent_statements_covered": 100.0, "percent_statements_covered_display": "100"}, "missing_lines": [], "excluded_lines": [], "start_line": 239}, "InsufficientBalanceError.__init__": {"executed_lines": [259, 263], "summary": {"covered_lines": 2, "num_statements": 2, "percent_covered": 100.0, "percent_covered_display": "100", "missing_lines": 0, "excluded_lines": 0, "percent_statements_covered": 100.0, "percent_statements_covered_display": "100"}, "missing_lines": [], "excluded_lines": [], "start_line": 254}, "SettlementError.__init__": {"executed_lines": [285, 294, 295, 296], "summary": {"covered_lines": 4, "num_statements": 4, "percent_covered": 100.0, "percent_covered_display": "100", "missing_lines": 0, "excluded_lines": 0, "percent_statements_covered": 100.0, "percent_statements_covered_display": "100"}, "missing_lines": [], "excluded_lines": [], "start_line": 279}, "InsufficientGatewayBalanceError.__init__": {"executed_lines": [], "summary": {"covered_lines": 0, "num_statements": 4, "percent_covered": 0.0, "percent_covered_display": "0", "missing_lines": 4, "excluded_lines": 0, "percent_statements_covered": 0.0, "percent_statements_covered_display": "0"}, "missing_lines": [303, 307, 308, 309], "excluded_lines": [], "start_line": 302}, "UnsupportedNetworkError.__init__": {"executed_lines": [328, 333], "summary": {"covered_lines": 2, "num_statements": 2, "percent_covered": 100.0, "percent_covered_display": "100", "missing_lines": 0, "excluded_lines": 0, "percent_statements_covered": 100.0, "percent_statements_covered_display": "100"}, "missing_lines": [], "excluded_lines": [], "start_line": 327}, "NetworkMismatchError.__init__": {"executed_lines": [], "summary": {"covered_lines": 0, "num_statements": 1, "percent_covered": 0.0, "percent_covered_display": "0", "missing_lines": 1, "excluded_lines": 0, "percent_statements_covered": 0.0, "percent_statements_covered_display": "0"}, "missing_lines": [343], "excluded_lines": [], "start_line": 342}, "UnsupportedSchemeError.__init__": {"executed_lines": [361], "summary": {"covered_lines": 1, "num_statements": 1, "percent_covered": 100.0, "percent_covered_display": "100", "missing_lines": 0, "excluded_lines": 0, "percent_statements_covered": 100.0, "percent_statements_covered_display": "100"}, "missing_lines": [], "excluded_lines": [], "start_line": 360}, "MissingVerifyingContractError.__init__": {"executed_lines": [377], "summary": {"covered_lines": 1, "num_statements": 1, "percent_covered": 100.0, "percent_covered_display": "100", "missing_lines": 0, "excluded_lines": 0, "percent_statements_covered": 100.0, "percent_statements_covered_display": "100"}, "missing_lines": [], "excluded_lines": [], "start_line": 376}, "KeyNotFoundError.__init__": {"executed_lines": [398, 403], "summary": {"covered_lines": 2, "num_statements": 2, "percent_covered": 100.0, "percent_covered_display": "100", "missing_lines": 0, "excluded_lines": 0, "percent_statements_covered": 100.0, "percent_statements_covered_display": "100"}, "missing_lines": [], "excluded_lines": [], "start_line": 397}, "KeyEncryptionError.__init__": {"executed_lines": [], "summary": {"covered_lines": 0, "num_statements": 1, "percent_covered": 0.0, "percent_covered_display": "0", "missing_lines": 1, "excluded_lines": 0, "percent_statements_covered": 0.0, "percent_statements_covered_display": "0"}, "missing_lines": [410], "excluded_lines": [], "start_line": 409}, "DuplicateKeyAliasError.__init__": {"executed_lines": [421, 426], "summary": {"covered_lines": 2, "num_statements": 2, "percent_covered": 100.0, "percent_covered_display": "100", "missing_lines": 0, "excluded_lines": 0, "percent_statements_covered": 100.0, "percent_statements_covered_display": "100"}, "missing_lines": [], "excluded_lines": [], "start_line": 420}, "NoDefaultKeyError.__init__": {"executed_lines": [433], "summary": {"covered_lines": 1, "num_statements": 1, "percent_covered": 100.0, "percent_covered_display": "100", "missing_lines": 0, "excluded_lines": 0, "percent_statements_covered": 100.0, "percent_statements_covered_display": "100"}, "missing_lines": [], "excluded_lines": [], "start_line": 432}, "DepositError.__init__": {"executed_lines": [454], "summary": {"covered_lines": 1, "num_statements": 1, "percent_covered": 100.0, "percent_covered_display": "100", "missing_lines": 0, "excluded_lines": 0, "percent_statements_covered": 100.0, "percent_statements_covered_display": "100"}, "missing_lines": [], "excluded_lines": [], "start_line": 453}, "WithdrawError.__init__": {"executed_lines": [465], "summary": {"covered_lines": 1, "num_statements": 1, "percent_covered": 100.0, "percent_covered_display": "100", "missing_lines": 0, "excluded_lines": 0, "percent_statements_covered": 100.0, "percent_statements_covered_display": "100"}, "missing_lines": [], "excluded_lines": [], "start_line": 464}, "ERC20ApprovalError.__init__": {"executed_lines": [476], "summary": {"covered_lines": 1, "num_statements": 1, "percent_covered": 100.0, "percent_covered_display": "100", "missing_lines": 0, "excluded_lines": 0, "percent_statements_covered": 100.0, "percent_statements_covered_display": "100"}, "missing_lines": [], "excluded_lines": [], "start_line": 475}, "InsufficientGasError.__init__": {"executed_lines": [493], "summary": {"covered_lines": 1, "num_statements": 1, "percent_covered": 100.0, "percent_covered_display": "100", "missing_lines": 0, "excluded_lines": 0, "percent_statements_covered": 100.0, "percent_statements_covered_display": "100"}, "missing_lines": [], "excluded_lines": [], "start_line": 492}, "InvalidPriceError.__init__": {"executed_lines": [515, 520], "summary": {"covered_lines": 2, "num_statements": 2, "percent_covered": 100.0, "percent_covered_display": "100", "missing_lines": 0, "excluded_lines": 0, "percent_statements_covered": 100.0, "percent_statements_covered_display": "100"}, "missing_lines": [], "excluded_lines": [], "start_line": 514}, "PaymentRequiredError.__init__": {"executed_lines": [], "summary": {"covered_lines": 0, "num_statements": 2, "percent_covered": 0.0, "percent_covered_display": "0", "missing_lines": 2, "excluded_lines": 0, "percent_statements_covered": 0.0, "percent_statements_covered_display": "0"}, "missing_lines": [532, 537], "excluded_lines": [], "start_line": 531}, "NoNetworksAvailableError.__init__": {"executed_lines": [544], "summary": {"covered_lines": 1, "num_statements": 1, "percent_covered": 100.0, "percent_covered_display": "100", "missing_lines": 0, "excluded_lines": 0, "percent_statements_covered": 100.0, "percent_statements_covered_display": "100"}, "missing_lines": [], "excluded_lines": [], "start_line": 543}, "NanopaymentNotInitializedError.__init__": {"executed_lines": [557], "summary": {"covered_lines": 1, "num_statements": 1, "percent_covered": 100.0, "percent_covered_display": "100", "missing_lines": 0, "excluded_lines": 0, "percent_statements_covered": 100.0, "percent_statements_covered_display": "100"}, "missing_lines": [], "excluded_lines": [], "start_line": 556}, "": {"executed_lines": [8, 10, 18, 26, 37, 42, 45, 60, 71, 74, 77, 85, 88, 101, 109, 127, 130, 139, 142, 156, 179, 189, 192, 206, 209, 221, 224, 236, 239, 251, 254, 271, 279, 299, 302, 317, 327, 336, 342, 353, 360, 368, 376, 388, 391, 394, 397, 406, 409, 417, 420, 429, 432, 444, 447, 450, 453, 461, 464, 472, 475, 483, 492, 505, 508, 511, 514, 523, 531, 540, 543, 550, 556], "summary": {"covered_lines": 73, "num_statements": 73, "percent_covered": 100.0, "percent_covered_display": "100", "missing_lines": 0, "excluded_lines": 0, "percent_statements_covered": 100.0, "percent_statements_covered_display": "100"}, "missing_lines": [], "excluded_lines": [], "start_line": 1}}, "classes": {"NanopaymentError": {"executed_lines": [32, 33, 34, 35, 43], "summary": {"covered_lines": 5, "num_statements": 9, "percent_covered": 55.55555555555556, "percent_covered_display": "56", "missing_lines": 4, "excluded_lines": 0, "percent_statements_covered": 55.55555555555556, "percent_statements_covered_display": "56"}, "missing_lines": [38, 39, 40, 47], "excluded_lines": [], "start_line": 18}, "SigningError": {"executed_lines": [], "summary": {"covered_lines": 0, "num_statements": 0, "percent_covered": 100.0, "percent_covered_display": "100", "missing_lines": 0, "excluded_lines": 0, "percent_statements_covered": 100.0, "percent_statements_covered_display": "100"}, "missing_lines": [], "excluded_lines": [], "start_line": 60}, "InvalidPrivateKeyError": {"executed_lines": [78], "summary": {"covered_lines": 1, "num_statements": 1, "percent_covered": 100.0, "percent_covered_display": "100", "missing_lines": 0, "excluded_lines": 0, "percent_statements_covered": 100.0, "percent_statements_covered_display": "100"}, "missing_lines": [], "excluded_lines": [], "start_line": 74}, "SignatureVerificationError": {"executed_lines": [], "summary": {"covered_lines": 0, "num_statements": 1, "percent_covered": 0.0, "percent_covered_display": "0", "missing_lines": 1, "excluded_lines": 0, "percent_statements_covered": 0.0, "percent_statements_covered_display": "0"}, "missing_lines": [89], "excluded_lines": [], "start_line": 85}, "GatewayAPIError": {"executed_lines": [115, 123, 124], "summary": {"covered_lines": 3, "num_statements": 3, "percent_covered": 100.0, "percent_covered_display": "100", "missing_lines": 0, "excluded_lines": 0, "percent_statements_covered": 100.0, "percent_statements_covered_display": "100"}, "missing_lines": [], "excluded_lines": [], "start_line": 101}, "GatewayTimeoutError": {"executed_lines": [131, 136], "summary": {"covered_lines": 2, "num_statements": 2, "percent_covered": 100.0, "percent_covered_display": "100", "missing_lines": 0, "excluded_lines": 0, "percent_statements_covered": 100.0, "percent_statements_covered_display": "100"}, "missing_lines": [], "excluded_lines": [], "start_line": 127}, "GatewayConnectionError": {"executed_lines": [143, 148], "summary": {"covered_lines": 2, "num_statements": 2, "percent_covered": 100.0, "percent_covered_display": "100", "missing_lines": 0, "excluded_lines": 0, "percent_statements_covered": 100.0, "percent_statements_covered_display": "100"}, "missing_lines": [], "excluded_lines": [], "start_line": 139}, "VerificationError": {"executed_lines": [180, 185, 186], "summary": {"covered_lines": 3, "num_statements": 3, "percent_covered": 100.0, "percent_covered_display": "100", "missing_lines": 0, "excluded_lines": 0, "percent_statements_covered": 100.0, "percent_statements_covered_display": "100"}, "missing_lines": [], "excluded_lines": [], "start_line": 156}, "InvalidSignatureError": {"executed_lines": [199, 200, 203], "summary": {"covered_lines": 3, "num_statements": 4, "percent_covered": 75.0, "percent_covered_display": "75", "missing_lines": 1, "excluded_lines": 0, "percent_statements_covered": 75.0, "percent_statements_covered_display": "75"}, "missing_lines": [202], "excluded_lines": [], "start_line": 189}, "AuthorizationExpiredError": {"executed_lines": [], "summary": {"covered_lines": 0, "num_statements": 2, "percent_covered": 0.0, "percent_covered_display": "0", "missing_lines": 2, "excluded_lines": 0, "percent_statements_covered": 0.0, "percent_statements_covered_display": "0"}, "missing_lines": [214, 218], "excluded_lines": [], "start_line": 206}, "AuthorizationNotYetValidError": {"executed_lines": [], "summary": {"covered_lines": 0, "num_statements": 2, "percent_covered": 0.0, "percent_covered_display": "0", "missing_lines": 2, "excluded_lines": 0, "percent_statements_covered": 0.0, "percent_statements_covered_display": "0"}, "missing_lines": [229, 233], "excluded_lines": [], "start_line": 221}, "NonceReusedError": {"executed_lines": [244, 248], "summary": {"covered_lines": 2, "num_statements": 2, "percent_covered": 100.0, "percent_covered_display": "100", "missing_lines": 0, "excluded_lines": 0, "percent_statements_covered": 100.0, "percent_statements_covered_display": "100"}, "missing_lines": [], "excluded_lines": [], "start_line": 236}, "InsufficientBalanceError": {"executed_lines": [259, 263], "summary": {"covered_lines": 2, "num_statements": 2, "percent_covered": 100.0, "percent_covered_display": "100", "missing_lines": 0, "excluded_lines": 0, "percent_statements_covered": 100.0, "percent_statements_covered_display": "100"}, "missing_lines": [], "excluded_lines": [], "start_line": 251}, "SettlementError": {"executed_lines": [285, 294, 295, 296], "summary": {"covered_lines": 4, "num_statements": 4, "percent_covered": 100.0, "percent_covered_display": "100", "missing_lines": 0, "excluded_lines": 0, "percent_statements_covered": 100.0, "percent_statements_covered_display": "100"}, "missing_lines": [], "excluded_lines": [], "start_line": 271}, "InsufficientGatewayBalanceError": {"executed_lines": [], "summary": {"covered_lines": 0, "num_statements": 4, "percent_covered": 0.0, "percent_covered_display": "0", "missing_lines": 4, "excluded_lines": 0, "percent_statements_covered": 0.0, "percent_statements_covered_display": "0"}, "missing_lines": [303, 307, 308, 309], "excluded_lines": [], "start_line": 299}, "UnsupportedNetworkError": {"executed_lines": [328, 333], "summary": {"covered_lines": 2, "num_statements": 2, "percent_covered": 100.0, "percent_covered_display": "100", "missing_lines": 0, "excluded_lines": 0, "percent_statements_covered": 100.0, "percent_statements_covered_display": "100"}, "missing_lines": [], "excluded_lines": [], "start_line": 317}, "NetworkMismatchError": {"executed_lines": [], "summary": {"covered_lines": 0, "num_statements": 1, "percent_covered": 0.0, "percent_covered_display": "0", "missing_lines": 1, "excluded_lines": 0, "percent_statements_covered": 0.0, "percent_statements_covered_display": "0"}, "missing_lines": [343], "excluded_lines": [], "start_line": 336}, "UnsupportedSchemeError": {"executed_lines": [361], "summary": {"covered_lines": 1, "num_statements": 1, "percent_covered": 100.0, "percent_covered_display": "100", "missing_lines": 0, "excluded_lines": 0, "percent_statements_covered": 100.0, "percent_statements_covered_display": "100"}, "missing_lines": [], "excluded_lines": [], "start_line": 353}, "MissingVerifyingContractError": {"executed_lines": [377], "summary": {"covered_lines": 1, "num_statements": 1, "percent_covered": 100.0, "percent_covered_display": "100", "missing_lines": 0, "excluded_lines": 0, "percent_statements_covered": 100.0, "percent_statements_covered_display": "100"}, "missing_lines": [], "excluded_lines": [], "start_line": 368}, "KeyManagementError": {"executed_lines": [], "summary": {"covered_lines": 0, "num_statements": 0, "percent_covered": 100.0, "percent_covered_display": "100", "missing_lines": 0, "excluded_lines": 0, "percent_statements_covered": 100.0, "percent_statements_covered_display": "100"}, "missing_lines": [], "excluded_lines": [], "start_line": 388}, "KeyNotFoundError": {"executed_lines": [398, 403], "summary": {"covered_lines": 2, "num_statements": 2, "percent_covered": 100.0, "percent_covered_display": "100", "missing_lines": 0, "excluded_lines": 0, "percent_statements_covered": 100.0, "percent_statements_covered_display": "100"}, "missing_lines": [], "excluded_lines": [], "start_line": 394}, "KeyEncryptionError": {"executed_lines": [], "summary": {"covered_lines": 0, "num_statements": 1, "percent_covered": 0.0, "percent_covered_display": "0", "missing_lines": 1, "excluded_lines": 0, "percent_statements_covered": 0.0, "percent_statements_covered_display": "0"}, "missing_lines": [410], "excluded_lines": [], "start_line": 406}, "DuplicateKeyAliasError": {"executed_lines": [421, 426], "summary": {"covered_lines": 2, "num_statements": 2, "percent_covered": 100.0, "percent_covered_display": "100", "missing_lines": 0, "excluded_lines": 0, "percent_statements_covered": 100.0, "percent_statements_covered_display": "100"}, "missing_lines": [], "excluded_lines": [], "start_line": 417}, "NoDefaultKeyError": {"executed_lines": [433], "summary": {"covered_lines": 1, "num_statements": 1, "percent_covered": 100.0, "percent_covered_display": "100", "missing_lines": 0, "excluded_lines": 0, "percent_statements_covered": 100.0, "percent_statements_covered_display": "100"}, "missing_lines": [], "excluded_lines": [], "start_line": 429}, "GatewayWalletError": {"executed_lines": [], "summary": {"covered_lines": 0, "num_statements": 0, "percent_covered": 100.0, "percent_covered_display": "100", "missing_lines": 0, "excluded_lines": 0, "percent_statements_covered": 100.0, "percent_statements_covered_display": "100"}, "missing_lines": [], "excluded_lines": [], "start_line": 444}, "DepositError": {"executed_lines": [454], "summary": {"covered_lines": 1, "num_statements": 1, "percent_covered": 100.0, "percent_covered_display": "100", "missing_lines": 0, "excluded_lines": 0, "percent_statements_covered": 100.0, "percent_statements_covered_display": "100"}, "missing_lines": [], "excluded_lines": [], "start_line": 450}, "WithdrawError": {"executed_lines": [465], "summary": {"covered_lines": 1, "num_statements": 1, "percent_covered": 100.0, "percent_covered_display": "100", "missing_lines": 0, "excluded_lines": 0, "percent_statements_covered": 100.0, "percent_statements_covered_display": "100"}, "missing_lines": [], "excluded_lines": [], "start_line": 461}, "ERC20ApprovalError": {"executed_lines": [476], "summary": {"covered_lines": 1, "num_statements": 1, "percent_covered": 100.0, "percent_covered_display": "100", "missing_lines": 0, "excluded_lines": 0, "percent_statements_covered": 100.0, "percent_statements_covered_display": "100"}, "missing_lines": [], "excluded_lines": [], "start_line": 472}, "InsufficientGasError": {"executed_lines": [493], "summary": {"covered_lines": 1, "num_statements": 1, "percent_covered": 100.0, "percent_covered_display": "100", "missing_lines": 0, "excluded_lines": 0, "percent_statements_covered": 100.0, "percent_statements_covered_display": "100"}, "missing_lines": [], "excluded_lines": [], "start_line": 483}, "MiddlewareError": {"executed_lines": [], "summary": {"covered_lines": 0, "num_statements": 0, "percent_covered": 100.0, "percent_covered_display": "100", "missing_lines": 0, "excluded_lines": 0, "percent_statements_covered": 100.0, "percent_statements_covered_display": "100"}, "missing_lines": [], "excluded_lines": [], "start_line": 505}, "InvalidPriceError": {"executed_lines": [515, 520], "summary": {"covered_lines": 2, "num_statements": 2, "percent_covered": 100.0, "percent_covered_display": "100", "missing_lines": 0, "excluded_lines": 0, "percent_statements_covered": 100.0, "percent_statements_covered_display": "100"}, "missing_lines": [], "excluded_lines": [], "start_line": 511}, "PaymentRequiredError": {"executed_lines": [], "summary": {"covered_lines": 0, "num_statements": 2, "percent_covered": 0.0, "percent_covered_display": "0", "missing_lines": 2, "excluded_lines": 0, "percent_statements_covered": 0.0, "percent_statements_covered_display": "0"}, "missing_lines": [532, 537], "excluded_lines": [], "start_line": 523}, "NoNetworksAvailableError": {"executed_lines": [544], "summary": {"covered_lines": 1, "num_statements": 1, "percent_covered": 100.0, "percent_covered_display": "100", "missing_lines": 0, "excluded_lines": 0, "percent_statements_covered": 100.0, "percent_statements_covered_display": "100"}, "missing_lines": [], "excluded_lines": [], "start_line": 540}, "NanopaymentNotInitializedError": {"executed_lines": [557], "summary": {"covered_lines": 1, "num_statements": 1, "percent_covered": 100.0, "percent_covered_display": "100", "missing_lines": 0, "excluded_lines": 0, "percent_statements_covered": 100.0, "percent_statements_covered_display": "100"}, "missing_lines": [], "excluded_lines": [], "start_line": 550}, "": {"executed_lines": [8, 10, 18, 26, 37, 42, 45, 60, 71, 74, 77, 85, 88, 101, 109, 127, 130, 139, 142, 156, 179, 189, 192, 206, 209, 221, 224, 236, 239, 251, 254, 271, 279, 299, 302, 317, 327, 336, 342, 353, 360, 368, 376, 388, 391, 394, 397, 406, 409, 417, 420, 429, 432, 444, 447, 450, 453, 461, 464, 472, 475, 483, 492, 505, 508, 511, 514, 523, 531, 540, 543, 550, 556], "summary": {"covered_lines": 73, "num_statements": 73, "percent_covered": 100.0, "percent_covered_display": "100", "missing_lines": 0, "excluded_lines": 0, "percent_statements_covered": 100.0, "percent_statements_covered_display": "100"}, "missing_lines": [], "excluded_lines": [], "start_line": 1}}}, "src/omniclaw/protocols/nanopayments/keys.py": {"executed_lines": [15, 17, 18, 20, 21, 22, 24, 27, 33, 34, 36, 37, 40, 51, 55, 60, 62, 69, 75, 77, 90, 92, 93, 94, 95, 97, 98, 99, 102, 103, 110, 123, 124, 125, 126, 128, 129, 131, 132, 139, 155, 156, 162, 170, 171, 172], "summary": {"covered_lines": 46, "num_statements": 51, "percent_covered": 90.19607843137256, "percent_covered_display": "90", "missing_lines": 5, "excluded_lines": 0, "percent_statements_covered": 90.19607843137256, "percent_statements_covered_display": "90"}, "missing_lines": [56, 104, 105, 133, 134], "excluded_lines": [], "functions": {"NanoKeyStore.__init__": {"executed_lines": [55, 60], "summary": {"covered_lines": 2, "num_statements": 3, "percent_covered": 66.66666666666667, "percent_covered_display": "67", "missing_lines": 1, "excluded_lines": 0, "percent_statements_covered": 66.66666666666667, "percent_statements_covered_display": "67"}, "missing_lines": [56], "excluded_lines": [], "start_line": 51}, "NanoKeyStore._get_master_key": {"executed_lines": [69, 75], "summary": {"covered_lines": 2, "num_statements": 2, "percent_covered": 100.0, "percent_covered_display": "100", "missing_lines": 0, "excluded_lines": 0, "percent_statements_covered": 100.0, "percent_statements_covered_display": "100"}, "missing_lines": [], "excluded_lines": [], "start_line": 62}, "NanoKeyStore.encrypt_key": {"executed_lines": [90, 92, 93, 94, 95, 97, 98, 99, 102, 103], "summary": {"covered_lines": 10, "num_statements": 12, "percent_covered": 83.33333333333333, "percent_covered_display": "83", "missing_lines": 2, "excluded_lines": 0, "percent_statements_covered": 83.33333333333333, "percent_statements_covered_display": "83"}, "missing_lines": [104, 105], "excluded_lines": [], "start_line": 77}, "NanoKeyStore.decrypt_key": {"executed_lines": [123, 124, 125, 126, 128, 129, 131, 132], "summary": {"covered_lines": 8, "num_statements": 10, "percent_covered": 80.0, "percent_covered_display": "80", "missing_lines": 2, "excluded_lines": 0, "percent_statements_covered": 80.0, "percent_statements_covered_display": "80"}, "missing_lines": [133, 134], "excluded_lines": [], "start_line": 110}, "NanoKeyStore.create_signer": {"executed_lines": [155, 156], "summary": {"covered_lines": 2, "num_statements": 2, "percent_covered": 100.0, "percent_covered_display": "100", "missing_lines": 0, "excluded_lines": 0, "percent_statements_covered": 100.0, "percent_statements_covered_display": "100"}, "missing_lines": [], "excluded_lines": [], "start_line": 139}, "NanoKeyStore.generate_and_encrypt_key": {"executed_lines": [170, 171, 172], "summary": {"covered_lines": 3, "num_statements": 3, "percent_covered": 100.0, "percent_covered_display": "100", "missing_lines": 0, "excluded_lines": 0, "percent_statements_covered": 100.0, "percent_statements_covered_display": "100"}, "missing_lines": [], "excluded_lines": [], "start_line": 162}, "": {"executed_lines": [15, 17, 18, 20, 21, 22, 24, 27, 33, 34, 36, 37, 40, 51, 62, 77, 110, 139, 162], "summary": {"covered_lines": 19, "num_statements": 19, "percent_covered": 100.0, "percent_covered_display": "100", "missing_lines": 0, "excluded_lines": 0, "percent_statements_covered": 100.0, "percent_statements_covered_display": "100"}, "missing_lines": [], "excluded_lines": [], "start_line": 1}}, "classes": {"NanoKeyStore": {"executed_lines": [55, 60, 69, 75, 90, 92, 93, 94, 95, 97, 98, 99, 102, 103, 123, 124, 125, 126, 128, 129, 131, 132, 155, 156, 170, 171, 172], "summary": {"covered_lines": 27, "num_statements": 32, "percent_covered": 84.375, "percent_covered_display": "84", "missing_lines": 5, "excluded_lines": 0, "percent_statements_covered": 84.375, "percent_statements_covered_display": "84"}, "missing_lines": [56, 104, 105, 133, 134], "excluded_lines": [], "start_line": 40}, "": {"executed_lines": [15, 17, 18, 20, 21, 22, 24, 27, 33, 34, 36, 37, 40, 51, 62, 77, 110, 139, 162], "summary": {"covered_lines": 19, "num_statements": 19, "percent_covered": 100.0, "percent_covered_display": "100", "missing_lines": 0, "excluded_lines": 0, "percent_statements_covered": 100.0, "percent_statements_covered_display": "100"}, "missing_lines": [], "excluded_lines": [], "start_line": 1}}}, "src/omniclaw/protocols/nanopayments/middleware.py": {"executed_lines": [31, 33, 34, 35, 36, 38, 42, 43, 47, 60, 61, 70, 71, 72, 73, 74, 76, 80, 98, 115, 116, 118, 121, 122, 124, 127, 129, 130, 132, 133, 134, 135, 139, 140, 141, 142, 144, 145, 146, 154, 169, 177, 178, 179, 180, 181, 182, 186, 187, 188, 189, 191, 192, 193, 194, 200, 202, 203, 204, 205, 206, 207, 213, 234, 235, 236, 237, 239, 240, 241, 242, 244, 245, 247, 263, 269, 279, 280, 282, 291, 307, 308, 309, 310, 311, 312, 314, 319, 325, 348, 352, 354, 355, 356, 363, 364, 365, 366, 374, 375, 376, 378, 384, 387, 388, 389, 391, 392, 393, 394, 395, 396, 399, 405, 406, 412, 413, 419, 433, 439, 440, 444, 445, 451, 463, 480, 482, 483, 484, 485, 486, 487, 493, 499, 519, 548, 555, 561, 562, 563, 564], "summary": {"covered_lines": 141, "num_statements": 151, "percent_covered": 93.37748344370861, "percent_covered_display": "93", "missing_lines": 10, "excluded_lines": 0, "percent_statements_covered": 93.37748344370861, "percent_statements_covered_display": "93"}, "missing_lines": [78, 82, 88, 89, 90, 400, 401, 402, 512, 540], "excluded_lines": [], "functions": {"SettlementResponse.to_base64_header": {"executed_lines": [], "summary": {"covered_lines": 0, "num_statements": 1, "percent_covered": 0.0, "percent_covered_display": "0", "missing_lines": 1, "excluded_lines": 0, "percent_statements_covered": 0.0, "percent_statements_covered_display": "0"}, "missing_lines": [78], "excluded_lines": [], "start_line": 76}, "SettlementResponse.to_dict": {"executed_lines": [], "summary": {"covered_lines": 0, "num_statements": 4, "percent_covered": 0.0, "percent_covered_display": "0", "missing_lines": 4, "excluded_lines": 0, "percent_statements_covered": 0.0, "percent_statements_covered_display": "0"}, "missing_lines": [82, 88, 89, 90], "excluded_lines": [], "start_line": 80}, "parse_price": {"executed_lines": [115, 116, 118, 121, 122, 124, 127, 129, 130, 132, 133, 134, 135, 139, 140, 141, 142, 144, 145, 146], "summary": {"covered_lines": 20, "num_statements": 20, "percent_covered": 100.0, "percent_covered_display": "100", "missing_lines": 0, "excluded_lines": 0, "percent_statements_covered": 100.0, "percent_statements_covered_display": "100"}, "missing_lines": [], "excluded_lines": [], "start_line": 98}, "GatewayMiddleware.__init__": {"executed_lines": [177, 178, 179, 180, 181, 182, 186, 187, 188, 189, 191, 192, 193, 194], "summary": {"covered_lines": 14, "num_statements": 14, "percent_covered": 100.0, "percent_covered_display": "100", "missing_lines": 0, "excluded_lines": 0, "percent_statements_covered": 100.0, "percent_statements_covered_display": "100"}, "missing_lines": [], "excluded_lines": [], "start_line": 169}, "GatewayMiddleware._get_supported_kinds": {"executed_lines": [202, 203, 204, 205, 206, 207], "summary": {"covered_lines": 6, "num_statements": 6, "percent_covered": 100.0, "percent_covered_display": "100", "missing_lines": 0, "excluded_lines": 0, "percent_statements_covered": 100.0, "percent_statements_covered_display": "100"}, "missing_lines": [], "excluded_lines": [], "start_line": 200}, "GatewayMiddleware._build_accepts_array": {"executed_lines": [234, 235, 236, 237, 239, 240, 241, 242, 244, 245, 247, 263], "summary": {"covered_lines": 12, "num_statements": 12, "percent_covered": 100.0, "percent_covered_display": "100", "missing_lines": 0, "excluded_lines": 0, "percent_statements_covered": 100.0, "percent_statements_covered_display": "100"}, "missing_lines": [], "excluded_lines": [], "start_line": 213}, "GatewayMiddleware._build_402_response": {"executed_lines": [279, 280, 282], "summary": {"covered_lines": 3, "num_statements": 3, "percent_covered": 100.0, "percent_covered_display": "100", "missing_lines": 0, "excluded_lines": 0, "percent_statements_covered": 100.0, "percent_statements_covered_display": "100"}, "missing_lines": [], "excluded_lines": [], "start_line": 269}, "GatewayMiddleware._parse_payment_signature": {"executed_lines": [307, 308, 309, 310, 311, 312], "summary": {"covered_lines": 6, "num_statements": 6, "percent_covered": 100.0, "percent_covered_display": "100", "missing_lines": 0, "excluded_lines": 0, "percent_statements_covered": 100.0, "percent_statements_covered_display": "100"}, "missing_lines": [], "excluded_lines": [], "start_line": 291}, "GatewayMiddleware._encode_requirements": {"executed_lines": [319], "summary": {"covered_lines": 1, "num_statements": 1, "percent_covered": 100.0, "percent_covered_display": "100", "missing_lines": 0, "excluded_lines": 0, "percent_statements_covered": 100.0, "percent_statements_covered_display": "100"}, "missing_lines": [], "excluded_lines": [], "start_line": 314}, "GatewayMiddleware.handle": {"executed_lines": [348, 352, 354, 355, 356, 363, 364, 365, 366, 374, 375, 376, 378, 384, 387, 388, 389, 391, 392, 393, 394, 395, 396, 399, 405, 406, 412, 413, 419, 433, 439, 440, 444, 445, 451], "summary": {"covered_lines": 35, "num_statements": 38, "percent_covered": 92.10526315789474, "percent_covered_display": "92", "missing_lines": 3, "excluded_lines": 0, "percent_statements_covered": 92.10526315789474, "percent_statements_covered_display": "92"}, "missing_lines": [400, 401, 402], "excluded_lines": [], "start_line": 325}, "GatewayMiddleware.require": {"executed_lines": [480, 482, 493], "summary": {"covered_lines": 3, "num_statements": 3, "percent_covered": 100.0, "percent_covered_display": "100", "missing_lines": 0, "excluded_lines": 0, "percent_statements_covered": 100.0, "percent_statements_covered_display": "100"}, "missing_lines": [], "excluded_lines": [], "start_line": 463}, "GatewayMiddleware.require.dependency": {"executed_lines": [483, 484, 485, 486, 487], "summary": {"covered_lines": 5, "num_statements": 5, "percent_covered": 100.0, "percent_covered_display": "100", "missing_lines": 0, "excluded_lines": 0, "percent_statements_covered": 100.0, "percent_statements_covered_display": "100"}, "missing_lines": [], "excluded_lines": [], "start_line": 482}, "GatewayMiddleware.build_payment_response_header": {"executed_lines": [], "summary": {"covered_lines": 0, "num_statements": 1, "percent_covered": 0.0, "percent_covered_display": "0", "missing_lines": 1, "excluded_lines": 0, "percent_statements_covered": 0.0, "percent_statements_covered_display": "0"}, "missing_lines": [512], "excluded_lines": [], "start_line": 499}, "GatewayMiddleware.payment_response_headers": {"executed_lines": [], "summary": {"covered_lines": 0, "num_statements": 1, "percent_covered": 0.0, "percent_covered_display": "0", "missing_lines": 1, "excluded_lines": 0, "percent_statements_covered": 0.0, "percent_statements_covered_display": "0"}, "missing_lines": [540], "excluded_lines": [], "start_line": 519}, "PaymentRequiredHTTPException.__init__": {"executed_lines": [561, 562, 563, 564], "summary": {"covered_lines": 4, "num_statements": 4, "percent_covered": 100.0, "percent_covered_display": "100", "missing_lines": 0, "excluded_lines": 0, "percent_statements_covered": 100.0, "percent_statements_covered_display": "100"}, "missing_lines": [], "excluded_lines": [], "start_line": 555}, "": {"executed_lines": [31, 33, 34, 35, 36, 38, 42, 43, 47, 60, 61, 70, 71, 72, 73, 74, 76, 80, 98, 154, 169, 200, 213, 269, 291, 314, 325, 463, 499, 519, 548, 555], "summary": {"covered_lines": 32, "num_statements": 32, "percent_covered": 100.0, "percent_covered_display": "100", "missing_lines": 0, "excluded_lines": 0, "percent_statements_covered": 100.0, "percent_statements_covered_display": "100"}, "missing_lines": [], "excluded_lines": [], "start_line": 1}}, "classes": {"SettlementResponse": {"executed_lines": [], "summary": {"covered_lines": 0, "num_statements": 5, "percent_covered": 0.0, "percent_covered_display": "0", "missing_lines": 5, "excluded_lines": 0, "percent_statements_covered": 0.0, "percent_statements_covered_display": "0"}, "missing_lines": [78, 82, 88, 89, 90], "excluded_lines": [], "start_line": 61}, "GatewayMiddleware": {"executed_lines": [177, 178, 179, 180, 181, 182, 186, 187, 188, 189, 191, 192, 193, 194, 202, 203, 204, 205, 206, 207, 234, 235, 236, 237, 239, 240, 241, 242, 244, 245, 247, 263, 279, 280, 282, 307, 308, 309, 310, 311, 312, 319, 348, 352, 354, 355, 356, 363, 364, 365, 366, 374, 375, 376, 378, 384, 387, 388, 389, 391, 392, 393, 394, 395, 396, 399, 405, 406, 412, 413, 419, 433, 439, 440, 444, 445, 451, 480, 482, 483, 484, 485, 486, 487, 493], "summary": {"covered_lines": 85, "num_statements": 90, "percent_covered": 94.44444444444444, "percent_covered_display": "94", "missing_lines": 5, "excluded_lines": 0, "percent_statements_covered": 94.44444444444444, "percent_statements_covered_display": "94"}, "missing_lines": [400, 401, 402, 512, 540], "excluded_lines": [], "start_line": 154}, "PaymentRequiredHTTPException": {"executed_lines": [561, 562, 563, 564], "summary": {"covered_lines": 4, "num_statements": 4, "percent_covered": 100.0, "percent_covered_display": "100", "missing_lines": 0, "excluded_lines": 0, "percent_statements_covered": 100.0, "percent_statements_covered_display": "100"}, "missing_lines": [], "excluded_lines": [], "start_line": 548}, "": {"executed_lines": [31, 33, 34, 35, 36, 38, 42, 43, 47, 60, 61, 70, 71, 72, 73, 74, 76, 80, 98, 115, 116, 118, 121, 122, 124, 127, 129, 130, 132, 133, 134, 135, 139, 140, 141, 142, 144, 145, 146, 154, 169, 200, 213, 269, 291, 314, 325, 463, 499, 519, 548, 555], "summary": {"covered_lines": 52, "num_statements": 52, "percent_covered": 100.0, "percent_covered_display": "100", "missing_lines": 0, "excluded_lines": 0, "percent_statements_covered": 100.0, "percent_statements_covered_display": "100"}, "missing_lines": [], "excluded_lines": [], "start_line": 1}}}, "src/omniclaw/protocols/nanopayments/signing.py": {"executed_lines": [24, 26, 27, 28, 30, 31, 33, 39, 43, 58, 66, 76, 84, 112, 113, 118, 119, 124, 125, 130, 138, 170, 171, 176, 177, 182, 183, 189, 190, 196, 197, 199, 200, 201, 209, 210, 213, 214, 219, 220, 221, 227, 228, 229, 230, 235, 245, 259, 275, 300, 313, 314, 317, 318, 323, 324, 325, 326, 328, 331, 332, 333, 337, 342, 345, 346, 348, 349, 356, 358, 359, 368, 403, 404, 406, 409, 410, 411, 415, 418, 419, 422, 423, 424, 431, 432, 433, 435, 437, 438, 445, 453, 462, 465, 466, 467, 468, 476, 485, 495, 554, 571, 572, 574, 575, 576, 577, 580, 597, 618, 635, 636], "summary": {"covered_lines": 112, "num_statements": 134, "percent_covered": 83.58208955223881, "percent_covered_display": "84", "missing_lines": 22, "excluded_lines": 2, "percent_statements_covered": 83.58208955223881, "percent_statements_covered_display": "84"}, "missing_lines": [334, 335, 339, 340, 366, 439, 440, 442, 469, 470, 517, 520, 526, 536, 539, 540, 541, 542, 543, 546, 594, 615], "excluded_lines": [50, 51], "functions": {"build_eip712_domain": {"executed_lines": [112, 113, 118, 119, 124, 125, 130], "summary": {"covered_lines": 7, "num_statements": 7, "percent_covered": 100.0, "percent_covered_display": "100", "missing_lines": 0, "excluded_lines": 0, "percent_statements_covered": 100.0, "percent_statements_covered_display": "100"}, "missing_lines": [], "excluded_lines": [], "start_line": 84}, "build_eip712_message": {"executed_lines": [170, 171, 176, 177, 182, 183, 189, 190, 196, 197, 199, 200, 201, 209, 210, 213, 214, 219, 220, 221, 227, 228, 229, 230, 235], "summary": {"covered_lines": 25, "num_statements": 25, "percent_covered": 100.0, "percent_covered_display": "100", "missing_lines": 0, "excluded_lines": 0, "percent_statements_covered": 100.0, "percent_statements_covered_display": "100"}, "missing_lines": [], "excluded_lines": [], "start_line": 138}, "build_eip712_structured_data": {"executed_lines": [259], "summary": {"covered_lines": 1, "num_statements": 1, "percent_covered": 100.0, "percent_covered_display": "100", "missing_lines": 0, "excluded_lines": 0, "percent_statements_covered": 100.0, "percent_statements_covered_display": "100"}, "missing_lines": [], "excluded_lines": [], "start_line": 245}, "EIP3009Signer.__init__": {"executed_lines": [313, 314, 317, 318, 323, 324, 325, 326, 328, 331, 332, 333], "summary": {"covered_lines": 12, "num_statements": 14, "percent_covered": 85.71428571428571, "percent_covered_display": "86", "missing_lines": 2, "excluded_lines": 0, "percent_statements_covered": 85.71428571428571, "percent_statements_covered_display": "86"}, "missing_lines": [334, 335], "excluded_lines": [], "start_line": 300}, "EIP3009Signer.__repr__": {"executed_lines": [], "summary": {"covered_lines": 0, "num_statements": 2, "percent_covered": 0.0, "percent_covered_display": "0", "missing_lines": 2, "excluded_lines": 0, "percent_statements_covered": 0.0, "percent_statements_covered_display": "0"}, "missing_lines": [339, 340], "excluded_lines": [], "start_line": 337}, "EIP3009Signer.__del__": {"executed_lines": [345, 346], "summary": {"covered_lines": 2, "num_statements": 2, "percent_covered": 100.0, "percent_covered_display": "100", "missing_lines": 0, "excluded_lines": 0, "percent_statements_covered": 100.0, "percent_statements_covered_display": "100"}, "missing_lines": [], "excluded_lines": [], "start_line": 342}, "EIP3009Signer.address": {"executed_lines": [356], "summary": {"covered_lines": 1, "num_statements": 1, "percent_covered": 100.0, "percent_covered_display": "100", "missing_lines": 0, "excluded_lines": 0, "percent_statements_covered": 100.0, "percent_statements_covered_display": "100"}, "missing_lines": [], "excluded_lines": [], "start_line": 349}, "EIP3009Signer._raw_key": {"executed_lines": [], "summary": {"covered_lines": 0, "num_statements": 1, "percent_covered": 0.0, "percent_covered_display": "0", "missing_lines": 1, "excluded_lines": 0, "percent_statements_covered": 0.0, "percent_statements_covered_display": "0"}, "missing_lines": [366], "excluded_lines": [], "start_line": 359}, "EIP3009Signer.sign_transfer_with_authorization": {"executed_lines": [403, 404, 406, 409, 410, 411, 415, 418, 419, 422, 423, 424, 431, 432, 433, 435, 437, 438, 445, 453, 462, 465, 466, 467, 468, 476, 485], "summary": {"covered_lines": 27, "num_statements": 32, "percent_covered": 84.375, "percent_covered_display": "84", "missing_lines": 5, "excluded_lines": 0, "percent_statements_covered": 84.375, "percent_statements_covered_display": "84"}, "missing_lines": [439, 440, 442, 469, 470], "excluded_lines": [], "start_line": 368}, "EIP3009Signer.verify_signature": {"executed_lines": [], "summary": {"covered_lines": 0, "num_statements": 10, "percent_covered": 0.0, "percent_covered_display": "0", "missing_lines": 10, "excluded_lines": 0, "percent_statements_covered": 0.0, "percent_statements_covered_display": "0"}, "missing_lines": [517, 520, 526, 536, 539, 540, 541, 542, 543, 546], "excluded_lines": [], "start_line": 495}, "parse_caip2_chain_id": {"executed_lines": [571, 572, 574, 575, 576, 577], "summary": {"covered_lines": 6, "num_statements": 6, "percent_covered": 100.0, "percent_covered_display": "100", "missing_lines": 0, "excluded_lines": 0, "percent_statements_covered": 100.0, "percent_statements_covered_display": "100"}, "missing_lines": [], "excluded_lines": [], "start_line": 554}, "generate_nonce": {"executed_lines": [], "summary": {"covered_lines": 0, "num_statements": 1, "percent_covered": 0.0, "percent_covered_display": "0", "missing_lines": 1, "excluded_lines": 0, "percent_statements_covered": 0.0, "percent_statements_covered_display": "0"}, "missing_lines": [594], "excluded_lines": [], "start_line": 580}, "compute_valid_before": {"executed_lines": [], "summary": {"covered_lines": 0, "num_statements": 1, "percent_covered": 0.0, "percent_covered_display": "0", "missing_lines": 1, "excluded_lines": 0, "percent_statements_covered": 0.0, "percent_statements_covered_display": "0"}, "missing_lines": [615], "excluded_lines": [], "start_line": 597}, "generate_eoa_keypair": {"executed_lines": [635, 636], "summary": {"covered_lines": 2, "num_statements": 2, "percent_covered": 100.0, "percent_covered_display": "100", "missing_lines": 0, "excluded_lines": 0, "percent_statements_covered": 100.0, "percent_statements_covered_display": "100"}, "missing_lines": [], "excluded_lines": [], "start_line": 618}, "": {"executed_lines": [24, 26, 27, 28, 30, 31, 33, 39, 43, 58, 66, 76, 84, 138, 245, 275, 300, 337, 342, 348, 349, 358, 359, 368, 495, 554, 580, 597, 618], "summary": {"covered_lines": 29, "num_statements": 29, "percent_covered": 100.0, "percent_covered_display": "100", "missing_lines": 0, "excluded_lines": 2, "percent_statements_covered": 100.0, "percent_statements_covered_display": "100"}, "missing_lines": [], "excluded_lines": [50, 51], "start_line": 1}}, "classes": {"EIP3009Signer": {"executed_lines": [313, 314, 317, 318, 323, 324, 325, 326, 328, 331, 332, 333, 345, 346, 356, 403, 404, 406, 409, 410, 411, 415, 418, 419, 422, 423, 424, 431, 432, 433, 435, 437, 438, 445, 453, 462, 465, 466, 467, 468, 476, 485], "summary": {"covered_lines": 42, "num_statements": 62, "percent_covered": 67.74193548387096, "percent_covered_display": "68", "missing_lines": 20, "excluded_lines": 0, "percent_statements_covered": 67.74193548387096, "percent_statements_covered_display": "68"}, "missing_lines": [334, 335, 339, 340, 366, 439, 440, 442, 469, 470, 517, 520, 526, 536, 539, 540, 541, 542, 543, 546], "excluded_lines": [], "start_line": 275}, "": {"executed_lines": [24, 26, 27, 28, 30, 31, 33, 39, 43, 58, 66, 76, 84, 112, 113, 118, 119, 124, 125, 130, 138, 170, 171, 176, 177, 182, 183, 189, 190, 196, 197, 199, 200, 201, 209, 210, 213, 214, 219, 220, 221, 227, 228, 229, 230, 235, 245, 259, 275, 300, 337, 342, 348, 349, 358, 359, 368, 495, 554, 571, 572, 574, 575, 576, 57
[...]
s": [], "start_line": 274}, "NanoKeyVault.list_keys": {"executed_lines": [305, 306], "summary": {"covered_lines": 2, "num_statements": 2, "percent_covered": 100.0, "percent_covered_display": "100", "missing_lines": 0, "excluded_lines": 0, "percent_statements_covered": 100.0, "percent_statements_covered_display": "100"}, "missing_lines": [], "excluded_lines": [], "start_line": 297}, "NanoKeyVault.has_key": {"executed_lines": [322, 323, 324, 325, 326], "summary": {"covered_lines": 5, "num_statements": 5, "percent_covered": 100.0, "percent_covered_display": "100", "missing_lines": 0, "excluded_lines": 0, "percent_statements_covered": 100.0, "percent_statements_covered_display": "100"}, "missing_lines": [], "excluded_lines": [], "start_line": 312}, "NanoKeyVault.sign": {"executed_lines": [361, 362, 365, 366, 369, 370, 373, 374, 376], "summary": {"covered_lines": 9, "num_statements": 11, "percent_covered": 81.81818181818181, "percent_covered_display": "82", "missing_lines": 2, "excluded_lines": 0, "percent_statements_covered": 81.81818181818181, "percent_statements_covered_display": "82"}, "missing_lines": [363, 367], "excluded_lines": [], "start_line": 332}, "NanoKeyVault.rotate_key": {"executed_lines": [402, 403, 407, 409, 411, 421, 423], "summary": {"covered_lines": 7, "num_statements": 8, "percent_covered": 87.5, "percent_covered_display": "88", "missing_lines": 1, "excluded_lines": 0, "percent_statements_covered": 87.5, "percent_statements_covered_display": "88"}, "missing_lines": [404], "excluded_lines": [], "start_line": 385}, "NanoKeyVault.get_balance": {"executed_lines": [443, 444, 445], "summary": {"covered_lines": 3, "num_statements": 3, "percent_covered": 100.0, "percent_covered_display": "100", "missing_lines": 0, "excluded_lines": 0, "percent_statements_covered": 100.0, "percent_statements_covered_display": "100"}, "missing_lines": [], "excluded_lines": [], "start_line": 429}, "NanoKeyVault.get_raw_key": {"executed_lines": [465, 466, 467, 469, 470, 471, 473, 474], "summary": {"covered_lines": 8, "num_statements": 8, "percent_covered": 100.0, "percent_covered_display": "100", "missing_lines": 0, "excluded_lines": 0, "percent_statements_covered": 100.0, "percent_statements_covered_display": "100"}, "missing_lines": [], "excluded_lines": [], "start_line": 447}, "NanoKeyVault.create_wallet_manager": {"executed_lines": [], "summary": {"covered_lines": 0, "num_statements": 11, "percent_covered": 0.0, "percent_covered_display": "0", "missing_lines": 11, "excluded_lines": 0, "percent_statements_covered": 0.0, "percent_statements_covered_display": "0"}, "missing_lines": [507, 508, 515, 517, 520, 521, 522, 525, 527, 528, 535], "excluded_lines": [], "start_line": 480}, "": {"executed_lines": [24, 26, 27, 29, 30, 35, 36, 41, 44, 45, 48, 54, 70, 96, 97, 101, 102, 110, 168, 210, 225, 250, 274, 297, 312, 332, 385, 429, 447, 480], "summary": {"covered_lines": 30, "num_statements": 30, "percent_covered": 100.0, "percent_covered_display": "100", "missing_lines": 0, "excluded_lines": 2, "percent_statements_covered": 100.0, "percent_statements_covered_display": "100"}, "missing_lines": [], "excluded_lines": [38, 39], "start_line": 1}}, "classes": {"NanoKeyVault": {"executed_lines": [78, 79, 80, 81, 86, 89, 92, 99, 104, 132, 135, 137, 138, 139, 140, 141, 143, 145, 146, 147, 149, 152, 154, 164, 166, 187, 188, 189, 191, 194, 196, 206, 208, 220, 221, 222, 223, 239, 240, 241, 243, 244, 248, 261, 262, 265, 266, 268, 288, 289, 290, 292, 293, 294, 295, 305, 306, 322, 323, 324, 325, 326, 361, 362, 365, 366, 369, 370, 373, 374, 376, 402, 403, 407, 409, 411, 421, 423, 443, 444, 445, 465, 466, 467, 469, 470, 471, 473, 474], "summary": {"covered_lines": 89, "num_statements": 106, "percent_covered": 83.9622641509434, "percent_covered_display": "84", "missing_lines": 17, "excluded_lines": 0, "percent_statements_covered": 83.9622641509434, "percent_statements_covered_display": "84"}, "missing_lines": [90, 245, 263, 363, 367, 404, 507, 508, 515, 517, 520, 521, 522, 525, 527, 528, 535], "excluded_lines": [], "start_line": 54}, "": {"executed_lines": [24, 26, 27, 29, 30, 35, 36, 41, 44, 45, 48, 54, 70, 96, 97, 101, 102, 110, 168, 210, 225, 250, 274, 297, 312, 332, 385, 429, 447, 480], "summary": {"covered_lines": 30, "num_statements": 30, "percent_covered": 100.0, "percent_covered_display": "100", "missing_lines": 0, "excluded_lines": 2, "percent_statements_covered": 100.0, "percent_statements_covered_display": "100"}, "missing_lines": [], "excluded_lines": [38, 39], "start_line": 1}}}, "src/omniclaw/protocols/nanopayments/wallet.py": {"executed_lines": [22, 24, 25, 27, 28, 29, 31, 32, 37, 38, 44, 50, 87, 177, 200, 209, 210, 211, 212, 213, 214, 215, 216, 217, 218, 220, 221, 223, 225, 226, 228, 234, 236, 237, 238, 240, 242, 243, 244, 246, 248, 252, 256, 262, 264, 266, 268, 270, 271, 272, 273, 274, 276, 278, 280, 284, 285, 286, 295, 297, 298, 302, 303, 304, 309, 310, 312, 313, 316, 317, 328, 366, 367, 368, 369, 370, 371, 381, 383, 384, 385, 387, 390, 395, 396, 398, 399, 406, 410, 411, 412, 413, 417, 418, 423, 429, 430, 434, 441, 442, 451, 459, 460, 461, 463, 482, 484, 485, 486, 488, 491, 492, 493, 499, 504, 510, 512, 513, 519, 521, 522, 527, 539, 540, 541, 543, 546, 547, 549, 550, 553, 554, 555, 560, 565, 571, 572, 574, 576, 577, 586, 612, 614, 621, 630, 675, 698, 699, 701, 702, 704, 710, 717, 722, 732, 733, 734, 736, 745, 746, 747, 748, 754, 761, 763, 770, 771, 772, 774, 788, 790, 797, 798, 800, 802, 809, 810, 812, 824, 825, 826, 827, 828, 830, 831, 837, 839, 846, 847, 849, 860, 862, 863, 864], "summary": {"covered_lines": 194, "num_statements": 213, "percent_covered": 91.07981220657277, "percent_covered_display": "91", "missing_lines": 19, "excluded_lines": 0, "percent_statements_covered": 91.07981220657277, "percent_statements_covered_display": "91"}, "missing_lines": [305, 311, 320, 321, 322, 377, 379, 443, 444, 445, 523, 524, 525, 578, 579, 580, 654, 656, 662], "excluded_lines": [], "functions": {"GatewayWalletManager.__init__": {"executed_lines": [209, 210, 211, 212, 213, 214, 215, 216, 217, 218], "summary": {"covered_lines": 10, "num_statements": 10, "percent_covered": 100.0, "percent_covered_display": "100", "missing_lines": 0, "excluded_lines": 0, "percent_statements_covered": 100.0, "percent_statements_covered_display": "100"}, "missing_lines": [], "excluded_lines": [], "start_line": 200}, "GatewayWalletManager.address": {"executed_lines": [223], "summary": {"covered_lines": 1, "num_statements": 1, "percent_covered": 100.0, "percent_covered_display": "100", "missing_lines": 0, "excluded_lines": 0, "percent_statements_covered": 100.0, "percent_statements_covered_display": "100"}, "missing_lines": [], "excluded_lines": [], "start_line": 221}, "GatewayWalletManager.network": {"executed_lines": [228], "summary": {"covered_lines": 1, "num_statements": 1, "percent_covered": 100.0, "percent_covered_display": "100", "missing_lines": 0, "excluded_lines": 0, "percent_statements_covered": 100.0, "percent_statements_covered_display": "100"}, "missing_lines": [], "excluded_lines": [], "start_line": 226}, "GatewayWalletManager._resolve_gateway_address": {"executed_lines": [236, 237, 238], "summary": {"covered_lines": 3, "num_statements": 3, "percent_covered": 100.0, "percent_covered_display": "100", "missing_lines": 0, "excluded_lines": 0, "percent_statements_covered": 100.0, "percent_statements_covered_display": "100"}, "missing_lines": [], "excluded_lines": [], "start_line": 234}, "GatewayWalletManager._resolve_usdc_address": {"executed_lines": [242, 243, 244], "summary": {"covered_lines": 3, "num_statements": 3, "percent_covered": 100.0, "percent_covered_display": "100", "missing_lines": 0, "excluded_lines": 0, "percent_statements_covered": 100.0, "percent_statements_covered_display": "100"}, "missing_lines": [], "excluded_lines": [], "start_line": 240}, "GatewayWalletManager._get_gateway_contract": {"executed_lines": [248, 252, 256], "summary": {"covered_lines": 3, "num_statements": 3, "percent_covered": 100.0, "percent_covered_display": "100", "missing_lines": 0, "excluded_lines": 0, "percent_statements_covered": 100.0, "percent_statements_covered_display": "100"}, "missing_lines": [], "excluded_lines": [], "start_line": 246}, "GatewayWalletManager._usdc_contract": {"executed_lines": [264], "summary": {"covered_lines": 1, "num_statements": 1, "percent_covered": 100.0, "percent_covered_display": "100", "missing_lines": 0, "excluded_lines": 0, "percent_statements_covered": 100.0, "percent_statements_covered_display": "100"}, "missing_lines": [], "excluded_lines": [], "start_line": 262}, "GatewayWalletManager._decimal_to_atomic": {"executed_lines": [268, 270, 271, 272, 273, 274], "summary": {"covered_lines": 6, "num_statements": 6, "percent_covered": 100.0, "percent_covered_display": "100", "missing_lines": 0, "excluded_lines": 0, "percent_statements_covered": 100.0, "percent_statements_covered_display": "100"}, "missing_lines": [], "excluded_lines": [], "start_line": 266}, "GatewayWalletManager._atomic_to_decimal": {"executed_lines": [278], "summary": {"covered_lines": 1, "num_statements": 1, "percent_covered": 100.0, "percent_covered_display": "100", "missing_lines": 0, "excluded_lines": 0, "percent_statements_covered": 100.0, "percent_statements_covered_display": "100"}, "missing_lines": [], "excluded_lines": [], "start_line": 276}, "GatewayWalletManager._build_tx": {"executed_lines": [284, 285, 286], "summary": {"covered_lines": 3, "num_statements": 3, "percent_covered": 100.0, "percent_covered_display": "100", "missing_lines": 0, "excluded_lines": 0, "percent_statements_covered": 100.0, "percent_statements_covered_display": "100"}, "missing_lines": [], "excluded_lines": [], "start_line": 280}, "GatewayWalletManager._sign_and_send": {"executed_lines": [297, 298, 302, 303, 304, 309, 310, 312, 313, 316, 317], "summary": {"covered_lines": 11, "num_statements": 16, "percent_covered": 68.75, "percent_covered_display": "69", "missing_lines": 5, "excluded_lines": 0, "percent_statements_covered": 68.75, "percent_statements_covered_display": "69"}, "missing_lines": [305, 311, 320, 321, 322], "excluded_lines": [], "start_line": 295}, "GatewayWalletManager.deposit": {"executed_lines": [366, 367, 368, 369, 370, 371, 381, 383, 384, 385, 387, 390, 395, 396, 398, 399, 406, 410, 411, 412, 413, 417, 418, 423, 429, 430, 434, 441, 442], "summary": {"covered_lines": 29, "num_statements": 34, "percent_covered": 85.29411764705883, "percent_covered_display": "85", "missing_lines": 5, "excluded_lines": 0, "percent_statements_covered": 85.29411764705883, "percent_statements_covered_display": "85"}, "missing_lines": [377, 379, 443, 444, 445], "excluded_lines": [], "start_line": 328}, "GatewayWalletManager.get_withdrawal_delay": {"executed_lines": [459, 460, 461], "summary": {"covered_lines": 3, "num_statements": 3, "percent_covered": 100.0, "percent_covered_display": "100", "missing_lines": 0, "excluded_lines": 0, "percent_statements_covered": 100.0, "percent_statements_covered_display": "100"}, "missing_lines": [], "excluded_lines": [], "start_line": 451}, "GatewayWalletManager.initiate_trustless_withdrawal": {"executed_lines": [482, 484, 485, 486, 488, 491, 492, 493, 499, 504, 510, 512, 513, 519, 521, 522], "summary": {"covered_lines": 16, "num_statements": 19, "percent_covered": 84.21052631578948, "percent_covered_display": "84", "missing_lines": 3, "excluded_lines": 0, "percent_statements_covered": 84.21052631578948, "percent_statements_covered_display": "84"}, "missing_lines": [523, 524, 525], "excluded_lines": [], "start_line": 463}, "GatewayWalletManager.complete_trustless_withdrawal": {"executed_lines": [539, 540, 541, 543, 546, 547, 549, 550, 553, 554, 555, 560, 565, 571, 572, 574, 576, 577], "summary": {"covered_lines": 18, "num_statements": 21, "percent_covered": 85.71428571428571, "percent_covered_display": "86", "missing_lines": 3, "excluded_lines": 0, "percent_statements_covered": 85.71428571428571, "percent_statements_covered_display": "86"}, "missing_lines": [578, 579, 580], "excluded_lines": [], "start_line": 527}, "GatewayWalletManager.transfer_to_address": {"executed_lines": [612, 614, 621], "summary": {"covered_lines": 3, "num_statements": 3, "percent_covered": 100.0, "percent_covered_display": "100", "missing_lines": 0, "excluded_lines": 0, "percent_statements_covered": 100.0, "percent_statements_covered_display": "100"}, "missing_lines": [], "excluded_lines": [], "start_line": 586}, "GatewayWalletManager.transfer_crosschain": {"executed_lines": [], "summary": {"covered_lines": 0, "num_statements": 3, "percent_covered": 0.0, "percent_covered_display": "0", "missing_lines": 3, "excluded_lines": 0, "percent_statements_covered": 0.0, "percent_statements_covered_display": "0"}, "missing_lines": [654, 656, 662], "excluded_lines": [], "start_line": 630}, "GatewayWalletManager.withdraw": {"executed_lines": [698, 699, 701, 702, 704], "summary": {"covered_lines": 5, "num_statements": 5, "percent_covered": 100.0, "percent_covered_display": "100", "missing_lines": 0, "excluded_lines": 0, "percent_statements_covered": 100.0, "percent_statements_covered_display": "100"}, "missing_lines": [], "excluded_lines": [], "start_line": 675}, "GatewayWalletManager.get_balance": {"executed_lines": [717], "summary": {"covered_lines": 1, "num_statements": 1, "percent_covered": 100.0, "percent_covered_display": "100", "missing_lines": 0, "excluded_lines": 0, "percent_statements_covered": 100.0, "percent_statements_covered_display": "100"}, "missing_lines": [], "excluded_lines": [], "start_line": 710}, "GatewayWalletManager.get_onchain_balance": {"executed_lines": [732, 733, 734], "summary": {"covered_lines": 3, "num_statements": 3, "percent_covered": 100.0, "percent_covered_display": "100", "missing_lines": 0, "excluded_lines": 0, "percent_statements_covered": 100.0, "percent_statements_covered_display": "100"}, "missing_lines": [], "excluded_lines": [], "start_line": 722}, "GatewayWalletManager.get_gateway_available_balance": {"executed_lines": [745, 746, 747, 748], "summary": {"covered_lines": 4, "num_statements": 4, "percent_covered": 100.0, "percent_covered_display": "100", "missing_lines": 0, "excluded_lines": 0, "percent_statements_covered": 100.0, "percent_statements_covered_display": "100"}, "missing_lines": [], "excluded_lines": [], "start_line": 736}, "GatewayWalletManager.get_gas_balance_wei": {"executed_lines": [761], "summary": {"covered_lines": 1, "num_statements": 1, "percent_covered": 100.0, "percent_covered_display": "100", "missing_lines": 0, "excluded_lines": 0, "percent_statements_covered": 100.0, "percent_statements_covered_display": "100"}, "missing_lines": [], "excluded_lines": [], "start_line": 754}, "GatewayWalletManager.get_gas_balance_eth": {"executed_lines": [770, 771, 772], "summary": {"covered_lines": 3, "num_statements": 3, "percent_covered": 100.0, "percent_covered_display": "100", "missing_lines": 0, "excluded_lines": 0, "percent_statements_covered": 100.0, "percent_statements_covered_display": "100"}, "missing_lines": [], "excluded_lines": [], "start_line": 763}, "GatewayWalletManager.estimate_gas_for_deposit": {"executed_lines": [788], "summary": {"covered_lines": 1, "num_statements": 1, "percent_covered": 100.0, "percent_covered_display": "100", "missing_lines": 0, "excluded_lines": 0, "percent_statements_covered": 100.0, "percent_statements_covered_display": "100"}, "missing_lines": [], "excluded_lines": [], "start_line": 774}, "GatewayWalletManager.estimate_gas_cost_wei": {"executed_lines": [797, 798, 800], "summary": {"covered_lines": 3, "num_statements": 3, "percent_covered": 100.0, "percent_covered_display": "100", "missing_lines": 0, "excluded_lines": 0, "percent_statements_covered": 100.0, "percent_statements_covered_display": "100"}, "missing_lines": [], "excluded_lines": [], "start_line": 790}, "GatewayWalletManager.estimate_gas_cost_eth": {"executed_lines": [809, 810], "summary": {"covered_lines": 2, "num_statements": 2, "percent_covered": 100.0, "percent_covered_display": "100", "missing_lines": 0, "excluded_lines": 0, "percent_statements_covered": 100.0, "percent_statements_covered_display": "100"}, "missing_lines": [], "excluded_lines": [], "start_line": 802}, "GatewayWalletManager.check_gas_reserve": {"executed_lines": [824, 825, 826, 827, 828, 830, 831, 837], "summary": {"covered_lines": 8, "num_statements": 8, "percent_covered": 100.0, "percent_covered_display": "100", "missing_lines": 0, "excluded_lines": 0, "percent_statements_covered": 100.0, "percent_statements_covered_display": "100"}, "missing_lines": [], "excluded_lines": [], "start_line": 812}, "GatewayWalletManager.has_sufficient_gas_for_deposit": {"executed_lines": [846, 847], "summary": {"covered_lines": 2, "num_statements": 2, "percent_covered": 100.0, "percent_covered_display": "100", "missing_lines": 0, "excluded_lines": 0, "percent_statements_covered": 100.0, "percent_statements_covered_display": "100"}, "missing_lines": [], "excluded_lines": [], "start_line": 839}, "GatewayWalletManager.ensure_gas_reserve": {"executed_lines": [860, 862, 863, 864], "summary": {"covered_lines": 4, "num_statements": 4, "percent_covered": 100.0, "percent_covered_display": "100", "missing_lines": 0, "excluded_lines": 0, "percent_statements_covered": 100.0, "percent_statements_covered_display": "100"}, "missing_lines": [], "excluded_lines": [], "start_line": 849}, "": {"executed_lines": [22, 24, 25, 27, 28, 29, 31, 32, 37, 38, 44, 50, 87, 177, 200, 220, 221, 225, 226, 234, 240, 246, 262, 266, 276, 280, 295, 328, 451, 463, 527, 586, 630, 675, 710, 722, 736, 754, 763, 774, 790, 802, 812, 839, 849], "summary": {"covered_lines": 45, "num_statements": 45, "percent_covered": 100.0, "percent_covered_display": "100", "missing_lines": 0, "excluded_lines": 0, "percent_statements_covered": 100.0, "percent_statements_covered_display": "100"}, "missing_lines": [], "excluded_lines": [], "start_line": 1}}, "classes": {"GatewayWalletManager": {"executed_lines": [209, 210, 211, 212, 213, 214, 215, 216, 217, 218, 223, 228, 236, 237, 238, 242, 243, 244, 248, 252, 256, 264, 268, 270, 271, 272, 273, 274, 278, 284, 285, 286, 297, 298, 302, 303, 304, 309, 310, 312, 313, 316, 317, 366, 367, 368, 369, 370, 371, 381, 383, 384, 385, 387, 390, 395, 396, 398, 399, 406, 410, 411, 412, 413, 417, 418, 423, 429, 430, 434, 441, 442, 459, 460, 461, 482, 484, 485, 486, 488, 491, 492, 493, 499, 504, 510, 512, 513, 519, 521, 522, 539, 540, 541, 543, 546, 547, 549, 550, 553, 554, 555, 560, 565, 571, 572, 574, 576, 577, 612, 614, 621, 698, 699, 701, 702, 704, 717, 732, 733, 734, 745, 746, 747, 748, 761, 770, 771, 772, 788, 797, 798, 800, 809, 810, 824, 825, 826, 827, 828, 830, 831, 837, 846, 847, 860, 862, 863, 864], "summary": {"covered_lines": 149, "num_statements": 168, "percent_covered": 88.69047619047619, "percent_covered_display": "89", "missing_lines": 19, "excluded_lines": 0, "percent_statements_covered": 88.69047619047619, "percent_statements_covered_display": "89"}, "missing_lines": [305, 311, 320, 321, 322, 377, 379, 443, 444, 445, 523, 524, 525, 578, 579, 580, 654, 656, 662], "excluded_lines": [], "start_line": 177}, "": {"executed_lines": [22, 24, 25, 27, 28, 29, 31, 32, 37, 38, 44, 50, 87, 177, 200, 220, 221, 225, 226, 234, 240, 246, 262, 266, 276, 280, 295, 328, 451, 463, 527, 586, 630, 675, 710, 722, 736, 754, 763, 774, 790, 802, 812, 839, 849], "summary": {"covered_lines": 45, "num_statements": 45, "percent_covered": 100.0, "percent_covered_display": "100", "missing_lines": 0, "excluded_lines": 0, "percent_statements_covered": 100.0, "percent_statements_covered_display": "100"}, "missing_lines": [], "excluded_lines": [], "start_line": 1}}}}, "totals": {"covered_lines": 1452, "num_statements": 1643, "percent_covered": 88.37492391965915, "percent_covered_display": "88", "missing_lines": 191, "excluded_lines": 6, "percent_statements_covered": 88.37492391965915, "percent_statements_covered_display": "88"}}